This is pdfTeX, Version 3.14159265-2.6-1.40.21 (TeX Live 2020) (preloaded format=pdflatex 2020.4.7)  7 JAN 2023 07:49
entering extended mode
 \write18 enabled.
 %&-line parsing enabled.
**mvBM_manuscript_JHE.tex
(./mvBM_manuscript_JHE.tex
LaTeX2e <2020-02-02> patch level 5
L3 programming layer <2020-03-06>
(/usr/local/texlive/2020/texmf-dist/tex/latex/base/article.cls
Document Class: article 2019/12/20 v1.4l Standard LaTeX document class
(/usr/local/texlive/2020/texmf-dist/tex/latex/base/size10.clo
File: size10.clo 2019/12/20 v1.4l Standard LaTeX file (size option)
)
\c@part=\count167
\c@section=\count168
\c@subsection=\count169
\c@subsubsection=\count170
\c@paragraph=\count171
\c@subparagraph=\count172
\c@figure=\count173
\c@table=\count174
\abovecaptionskip=\skip47
\belowcaptionskip=\skip48
\bibindent=\dimen134
)
(/usr/local/texlive/2020/texmf-dist/tex/latex/geometry/geometry.sty
Package: geometry 2020/01/02 v5.9 Page Geometry

(/usr/local/texlive/2020/texmf-dist/tex/latex/graphics/keyval.sty
Package: keyval 2014/10/28 v1.15 key=value parser (DPC)
\KV@toks@=\toks15
)
(/usr/local/texlive/2020/texmf-dist/tex/generic/iftex/ifvtex.sty
Package: ifvtex 2019/10/25 v1.7 ifvtex legacy package. Use iftex instead.

(/usr/local/texlive/2020/texmf-dist/tex/generic/iftex/iftex.sty
Package: iftex 2020/03/06 v1.0d TeX engine tests
))
\Gm@cnth=\count175
\Gm@cntv=\count176
\c@Gm@tempcnt=\count177
\Gm@bindingoffset=\dimen135
\Gm@wd@mp=\dimen136
\Gm@odd@mp=\dimen137
\Gm@even@mp=\dimen138
\Gm@layoutwidth=\dimen139
\Gm@layoutheight=\dimen140
\Gm@layouthoffset=\dimen141
\Gm@layoutvoffset=\dimen142
\Gm@dimlist=\toks16
)
(/usr/local/texlive/2020/texmf-dist/tex/latex/amsmath/amsmath.sty
Package: amsmath 2020/01/20 v2.17e AMS math features
\@mathmargin=\skip49

For additional information on amsmath, use the `?' option.
(/usr/local/texlive/2020/texmf-dist/tex/latex/amsmath/amstext.sty
Package: amstext 2000/06/29 v2.01 AMS text

(/usr/local/texlive/2020/texmf-dist/tex/latex/amsmath/amsgen.sty
File: amsgen.sty 1999/11/30 v2.0 generic functions
\@emptytoks=\toks17
\ex@=\dimen143
))
(/usr/local/texlive/2020/texmf-dist/tex/latex/amsmath/amsbsy.sty
Package: amsbsy 1999/11/29 v1.2d Bold Symbols
\pmbraise@=\dimen144
)
(/usr/local/texlive/2020/texmf-dist/tex/latex/amsmath/amsopn.sty
Package: amsopn 2016/03/08 v2.02 operator names
)
\inf@bad=\count178
LaTeX Info: Redefining \frac on input line 227.
\uproot@=\count179
\leftroot@=\count180
LaTeX Info: Redefining \overline on input line 389.
\classnum@=\count181
\DOTSCASE@=\count182
LaTeX Info: Redefining \ldots on input line 486.
LaTeX Info: Redefining \dots on input line 489.
LaTeX Info: Redefining \cdots on input line 610.
\Mathstrutbox@=\box45
\strutbox@=\box46
\big@size=\dimen145
LaTeX Font Info:    Redeclaring font encoding OML on input line 733.
LaTeX Font Info:    Redeclaring font encoding OMS on input line 734.
\macc@depth=\count183
\c@MaxMatrixCols=\count184
\dotsspace@=\muskip16
\c@parentequation=\count185
\dspbrk@lvl=\count186
\tag@help=\toks18
\row@=\count187
\column@=\count188
\maxfields@=\count189
\andhelp@=\toks19
\eqnshift@=\dimen146
\alignsep@=\dimen147
\tagshift@=\dimen148
\tagwidth@=\dimen149
\totwidth@=\dimen150
\lineht@=\dimen151
\@envbody=\toks20
\multlinegap=\skip50
\multlinetaggap=\skip51
\mathdisplay@stack=\toks21
LaTeX Info: Redefining \[ on input line 2859.
LaTeX Info: Redefining \] on input line 2860.
)
(/usr/local/texlive/2020/texmf-dist/tex/latex/amscls/amsthm.sty
Package: amsthm 2017/10/31 v2.20.4
\thm@style=\toks22
\thm@bodyfont=\toks23
\thm@headfont=\toks24
\thm@notefont=\toks25
\thm@headpunct=\toks26
\thm@preskip=\skip52
\thm@postskip=\skip53
\thm@headsep=\skip54
\dth@everypar=\toks27
)
(/usr/local/texlive/2020/texmf-dist/tex/latex/amsfonts/amssymb.sty
Package: amssymb 2013/01/14 v3.01 AMS font symbols

(/usr/local/texlive/2020/texmf-dist/tex/latex/amsfonts/amsfonts.sty
Package: amsfonts 2013/01/14 v3.01 Basic AMSFonts support
\symAMSa=\mathgroup4
\symAMSb=\mathgroup5
LaTeX Font Info:    Redeclaring math symbol \hbar on input line 98.
LaTeX Font Info:    Overwriting math alphabet `\mathfrak' in version `bold'
(Font)                  U/euf/m/n --> U/euf/b/n on input line 106.
))
(/usr/local/texlive/2020/texmf-dist/tex/latex/placeins/placeins.sty
Package: placeins 2005/04/18  v 2.2
)
(/usr/local/texlive/2020/texmf-dist/tex/latex/marvosym/marvosym.sty
Package: marvosym 2011/07/20 v2.2 Martin Vogel's Symbols font definitions
)
(/usr/local/texlive/2020/texmf-dist/tex/latex/xcolor/xcolor.sty
Package: xcolor 2016/05/11 v2.12 LaTeX color extensions (UK)

(/usr/local/texlive/2020/texmf-dist/tex/latex/graphics-cfg/color.cfg
File: color.cfg 2016/01/02 v1.6 sample color configuration
)
Package xcolor Info: Package option `usenames' ignored on input line 216.
Package xcolor Info: Driver file: pdftex.def on input line 225.

(/usr/local/texlive/2020/texmf-dist/tex/latex/graphics-def/pdftex.def
File: pdftex.def 2018/01/08 v1.0l Graphics/color driver for pdftex
)
(/usr/local/texlive/2020/texmf-dist/tex/latex/colortbl/colortbl.sty
Package: colortbl 2020/01/04 v1.0e Color table columns (DPC)

(/usr/local/texlive/2020/texmf-dist/tex/latex/tools/array.sty
Package: array 2019/08/31 v2.4l Tabular extension package (FMi)
\col@sep=\dimen152
\ar@mcellbox=\box47
\extrarowheight=\dimen153
\NC@list=\toks28
\extratabsurround=\skip55
\backup@length=\skip56
\ar@cellbox=\box48
)
\everycr=\toks29
\minrowclearance=\skip57
)
\rownum=\count190
Package xcolor Info: Model `cmy' substituted by `cmy0' on input line 1348.
Package xcolor Info: Model `hsb' substituted by `rgb' on input line 1352.
Package xcolor Info: Model `RGB' extended on input line 1364.
Package xcolor Info: Model `HTML' substituted by `rgb' on input line 1366.
Package xcolor Info: Model `Hsb' substituted by `hsb' on input line 1367.
Package xcolor Info: Model `tHsb' substituted by `hsb' on input line 1368.
Package xcolor Info: Model `HSB' substituted by `hsb' on input line 1369.
Package xcolor Info: Model `Gray' substituted by `gray' on input line 1370.
Package xcolor Info: Model `wave' substituted by `hsb' on input line 1371.

(/usr/local/texlive/2020/texmf-dist/tex/latex/graphics/dvipsnam.def
File: dvipsnam.def 2016/06/17 v3.0m Driver-dependent file (DPC,SPQR)
))
(/usr/local/texlive/2020/texmf-dist/tex/latex/booktabs/booktabs.sty
Package: booktabs 2020/01/12 v1.61803398 Publication quality tables
\heavyrulewidth=\dimen154
\lightrulewidth=\dimen155
\cmidrulewidth=\dimen156
\belowrulesep=\dimen157
\belowbottomsep=\dimen158
\aboverulesep=\dimen159
\abovetopsep=\dimen160
\cmidrulesep=\dimen161
\cmidrulekern=\dimen162
\defaultaddspace=\dimen163
\@cmidla=\count191
\@cmidlb=\count192
\@aboverulesep=\dimen164
\@belowrulesep=\dimen165
\@thisruleclass=\count193
\@lastruleclass=\count194
\@thisrulewidth=\dimen166
)
(/usr/local/texlive/2020/texmf-dist/tex/latex/graphics/graphicx.sty
Package: graphicx 2019/11/30 v1.2a Enhanced LaTeX Graphics (DPC,SPQR)

(/usr/local/texlive/2020/texmf-dist/tex/latex/graphics/graphics.sty
Package: graphics 2019/11/30 v1.4a Standard LaTeX Graphics (DPC,SPQR)

(/usr/local/texlive/2020/texmf-dist/tex/latex/graphics/trig.sty
Package: trig 2016/01/03 v1.10 sin cos tan (DPC)
)
(/usr/local/texlive/2020/texmf-dist/tex/latex/graphics-cfg/graphics.cfg
File: graphics.cfg 2016/06/04 v1.11 sample graphics configuration
)
Package graphics Info: Driver file: pdftex.def on input line 105.
)
\Gin@req@height=\dimen167
\Gin@req@width=\dimen168
)
(/usr/local/texlive/2020/texmf-dist/tex/latex/framed/framed.sty
Package: framed 2011/10/22 v 0.96: framed or shaded text with page breaks
\OuterFrameSep=\skip58
\fb@frw=\dimen169
\fb@frh=\dimen170
\FrameRule=\dimen171
\FrameSep=\dimen172
)
(/usr/local/texlive/2020/texmf-dist/tex/latex/setspace/setspace.sty
Package: setspace 2011/12/19 v6.7a set line spacing
)
(/usr/local/texlive/2020/texmf-dist/tex/latex/tools/xspace.sty
Package: xspace 2014/10/28 v1.13 Space after command names (DPC,MH)
)
(/usr/local/texlive/2020/texmf-dist/tex/latex/caption/caption.sty
Package: caption 2020/01/03 v3.4h Customizing captions (AR)

(/usr/local/texlive/2020/texmf-dist/tex/latex/caption/caption3.sty
Package: caption3 2020/01/03 v1.8h caption3 kernel (AR)
Package caption3 Info: TeX engine: e-TeX on input line 61.
\captionmargin=\dimen173
\captionmargin@=\dimen174
\captionwidth=\dimen175
\caption@tempdima=\dimen176
\caption@indent=\dimen177
\caption@parindent=\dimen178
\caption@hangindent=\dimen179
Package caption Info: Standard document class detected.
)
\c@caption@flags=\count195
\c@continuedfloat=\count196
)
(/usr/local/texlive/2020/texmf-dist/tex/latex/tools/verbatim.sty
Package: verbatim 2019/11/10 v1.5r LaTeX2e package for verbatim enhancements
\every@verbatim=\toks30
\verbatim@line=\toks31
\verbatim@in@stream=\read2
)
(/usr/local/texlive/2020/texmf-dist/tex/latex/paralist/paralist.sty
Package: paralist 2017/01/22 v2.7 Extended list environments
\pltopsep=\skip59
\plpartopsep=\skip60
\plitemsep=\skip61
\plparsep=\skip62
\pl@lab=\toks32
)
(/usr/local/texlive/2020/texmf-dist/tex/latex/algorithms/algorithm.sty
Package: algorithm 2009/08/24 v0.1 Document Style `algorithm' - floating enviro
nment

(/usr/local/texlive/2020/texmf-dist/tex/latex/float/float.sty
Package: float 2001/11/08 v1.3d Float enhancements (AL)
\c@float@type=\count197
\float@exts=\toks33
\float@box=\box49
\@float@everytoks=\toks34
\@floatcapt=\box50
)
(/usr/local/texlive/2020/texmf-dist/tex/latex/base/ifthen.sty
Package: ifthen 2014/09/29 v1.1c Standard LaTeX ifthen package (DPC)
)
\@float@every@algorithm=\toks35
\c@algorithm=\count198
)
(/usr/local/texlive/2020/texmf-dist/tex/latex/algorithmicx/algpseudocode.sty
Package: algpseudocode 

(/usr/local/texlive/2020/texmf-dist/tex/latex/algorithmicx/algorithmicx.sty
Package: algorithmicx 2005/04/27 v1.2 Algorithmicx

Document Style algorithmicx 1.2 - a greatly improved `algorithmic' style
\c@ALG@line=\count199
\c@ALG@rem=\count266
\c@ALG@nested=\count267
\ALG@tlm=\skip63
\ALG@thistlm=\skip64
\c@ALG@Lnr=\count268
\c@ALG@blocknr=\count269
\c@ALG@storecount=\count270
\c@ALG@tmpcounter=\count271
\ALG@tmplength=\skip65
)
Document Style - pseudocode environments for use with the `algorithmicx' style
) (/usr/local/texlive/2020/texmf-dist/tex/latex/wrapfig/wrapfig.sty
\wrapoverhang=\dimen180
\WF@size=\dimen181
\c@WF@wrappedlines=\count272
\WF@box=\box51
\WF@everypar=\toks36
Package: wrapfig 2003/01/31  v 3.6
)
(/usr/local/texlive/2020/texmf-dist/tex/latex/titlesec/titlesec.sty
Package: titlesec 2019/10/16 v2.13 Sectioning titles
\ttl@box=\box52
\beforetitleunit=\skip66
\aftertitleunit=\skip67
\ttl@plus=\dimen182
\ttl@minus=\dimen183
\ttl@toksa=\toks37
\titlewidth=\dimen184
\titlewidthlast=\dimen185
\titlewidthfirst=\dimen186
)
(/usr/local/texlive/2020/texmf-dist/tex/latex/natbib/natbib.sty
Package: natbib 2010/09/13 8.31b (PWD, AO)
\bibhang=\skip68
\bibsep=\skip69
LaTeX Info: Redefining \cite on input line 694.
\c@NAT@ctr=\count273
)
(/usr/local/texlive/2020/texmf-dist/tex/latex/tools/longtable.sty
Package: longtable 2020/01/07 v4.13 Multi-page Table package (DPC)
\LTleft=\skip70
\LTright=\skip71
\LTpre=\skip72
\LTpost=\skip73
\LTchunksize=\count274
\LTcapwidth=\dimen187
\LT@head=\box53
\LT@firsthead=\box54
\LT@foot=\box55
\LT@lastfoot=\box56
\LT@cols=\count275
\LT@rows=\count276
\c@LT@tables=\count277
\c@LT@chunks=\count278
\LT@p@ftn=\toks38
)
(/usr/local/texlive/2020/texmf-dist/tex/latex/tools/tabularx.sty
Package: tabularx 2020/01/15 v2.11c `tabularx' package (DPC)
\TX@col@width=\dimen188
\TX@old@table=\dimen189
\TX@old@col=\dimen190
\TX@target=\dimen191
\TX@delta=\dimen192
\TX@cols=\count279
\TX@ftn=\toks39
)
(/usr/local/texlive/2020/texmf-dist/tex/latex/tabulary/tabulary.sty
Package: tabulary 2014/06/11 v0.10 tabulary package (DPC)
\TY@count=\count280
\TY@linewidth=\dimen193
\tymin=\dimen194
\tymax=\dimen195
\TY@tablewidth=\dimen196
)
(/usr/local/texlive/2020/texmf-dist/tex/latex/multirow/multirow.sty
Package: multirow 2019/05/31 v2.5 Span multiple rows of a table
\multirow@colwidth=\skip74
\multirow@cntb=\count281
\multirow@dima=\skip75
\bigstrutjot=\dimen197
)
(/usr/local/texlive/2020/texmf-dist/tex/latex/lipsum/lipsum.sty
(/usr/local/texlive/2020/texmf-dist/tex/latex/l3kernel/expl3.sty
Package: expl3 2020-03-06 L3 programming layer (loader) 

(/usr/local/texlive/2020/texmf-dist/tex/latex/l3backend/l3backend-pdfmode.def
File: l3backend-pdfmode.def 2020-03-12 L3 backend support: PDF mode
\l__kernel_color_stack_int=\count282
\l__pdf_internal_box=\box57
)) (/usr/local/texlive/2020/texmf-dist/tex/latex/l3packages/xparse/xparse.sty
Package: xparse 2020-03-06 L3 Experimental document command parser
\l__xparse_current_arg_int=\count283
\g__xparse_grabber_int=\count284
\l__xparse_m_args_int=\count285
\l__xparse_v_nesting_int=\count286
)
Package: lipsum 2019/01/02 v2.2 150 paragraphs of Lorem Ipsum dummy text

(/usr/local/texlive/2020/texmf-dist/tex/latex/lipsum/lipsum.ltd.tex
File: lipsum.ltd.tex 2019/01/02 v2.2 The Lorem ipsum dummy text
))
(/usr/local/texlive/2020/texmf-dist/tex/latex/psnfss/mathpazo.sty
Package: mathpazo 2005/04/12 PSNFSS-v9.2a Palatino w/ Pazo Math (D.Puga, WaS) 
\symupright=\mathgroup6
)
(/usr/local/texlive/2020/texmf-dist/tex/latex/preprint/authblk.sty
Package: authblk 2001/02/27 1.3 (PWD)
\affilsep=\skip76
\@affilsep=\skip77
\c@Maxaffil=\count287
\c@authors=\count288
\c@affil=\count289
)
(/usr/local/texlive/2020/texmf-dist/tex/latex/hyperref/nameref.sty
Package: nameref 2019/09/16 v2.46 Cross-referencing by name of section

(/usr/local/texlive/2020/texmf-dist/tex/latex/refcount/refcount.sty
Package: refcount 2019/12/15 v3.6 Data extraction from label references (HO)

(/usr/local/texlive/2020/texmf-dist/tex/generic/ltxcmds/ltxcmds.sty
Package: ltxcmds 2019/12/15 v1.24 LaTeX kernel commands for general use (HO)
)
(/usr/local/texlive/2020/texmf-dist/tex/generic/infwarerr/infwarerr.sty
Package: infwarerr 2019/12/03 v1.5 Providing info/warning/error messages (HO)
))
(/usr/local/texlive/2020/texmf-dist/tex/generic/gettitlestring/gettitlestring.s
ty
Package: gettitlestring 2019/12/15 v1.6 Cleanup title references (HO)
 (/usr/local/texlive/2020/texmf-dist/tex/latex/kvoptions/kvoptions.sty
Package: kvoptions 2019/11/29 v3.13 Key value format for package options (HO)

(/usr/local/texlive/2020/texmf-dist/tex/generic/kvsetkeys/kvsetkeys.sty
Package: kvsetkeys 2019/12/15 v1.18 Key value parser (HO)
)))
\c@section@level=\count290
LaTeX Info: Redefining \ref on input line 356.
LaTeX Info: Redefining \pageref on input line 356.
)
(/usr/local/texlive/2020/texmf-dist/tex/latex/cancel/cancel.sty
Package: cancel 2013/04/12 v2.2 Cancel math terms
)
(/usr/local/texlive/2020/texmf-dist/tex/latex/commath/commath.sty)
(/usr/local/texlive/2020/texmf-dist/tex/latex/doublestroke/dsfont.sty
Package: dsfont 1995/08/01 v0.1 Double stroke roman fonts
)
(/usr/local/texlive/2020/texmf-dist/tex/latex/sttools/cuted.sty
Package: cuted 2012/10/04 v1.5 Mixing onecolumn and twocolumn modes
\At@ViperColsBreak=\toks40
\v@aaa=\box58
\v@ccc=\box59
\lastskip@a=\skip78
\lastskip@b=\skip79
\lastskip@d=\skip80
\lastbox@a=\box60
\stripsep=\skip81
\@viper=\box61
\viper@penalty=\count291
\hold@viper=\box62
\ht@viper=\dimen198
)
(/usr/local/texlive/2020/texmf-dist/tex/latex/fancyhdr/fancyhdr.sty
Package: fancyhdr 2019/01/31 v3.10 Extensive control of page headers and footer
s
\f@nch@headwidth=\skip82
\f@nch@O@elh=\skip83
\f@nch@O@erh=\skip84
\f@nch@O@olh=\skip85
\f@nch@O@orh=\skip86
\f@nch@O@elf=\skip87
\f@nch@O@erf=\skip88
\f@nch@O@olf=\skip89
\f@nch@O@orf=\skip90
)
(/usr/local/texlive/2020/texmf-dist/tex/latex/hyperref/hyperref.sty
Package: hyperref 2020/01/14 v7.00d Hypertext links for LaTeX

(/usr/local/texlive/2020/texmf-dist/tex/latex/pdftexcmds/pdftexcmds.sty
Package: pdftexcmds 2019/11/24 v0.31 Utility functions of pdfTeX for LuaTeX (HO
)
Package pdftexcmds Info: \pdf@primitive is available.
Package pdftexcmds Info: \pdf@ifprimitive is available.
Package pdftexcmds Info: \pdfdraftmode found.
)
(/usr/local/texlive/2020/texmf-dist/tex/generic/kvdefinekeys/kvdefinekeys.sty
Package: kvdefinekeys 2019-12-19 v1.6 Define keys (HO)
)
(/usr/local/texlive/2020/texmf-dist/tex/generic/pdfescape/pdfescape.sty
Package: pdfescape 2019/12/09 v1.15 Implements pdfTeX's escape features (HO)
)
(/usr/local/texlive/2020/texmf-dist/tex/latex/hycolor/hycolor.sty
Package: hycolor 2020-01-27 v1.10 Color options for hyperref/bookmark (HO)
)
(/usr/local/texlive/2020/texmf-dist/tex/latex/letltxmacro/letltxmacro.sty
Package: letltxmacro 2019/12/03 v1.6 Let assignment for LaTeX macros (HO)
)
(/usr/local/texlive/2020/texmf-dist/tex/latex/auxhook/auxhook.sty
Package: auxhook 2019-12-17 v1.6 Hooks for auxiliary files (HO)
)
\@linkdim=\dimen199
\Hy@linkcounter=\count292
\Hy@pagecounter=\count293

(/usr/local/texlive/2020/texmf-dist/tex/latex/hyperref/pd1enc.def
File: pd1enc.def 2020/01/14 v7.00d Hyperref: PDFDocEncoding definition (HO)
Now handling font encoding PD1 ...
... no UTF-8 mapping file for font encoding PD1
)
(/usr/local/texlive/2020/texmf-dist/tex/generic/intcalc/intcalc.sty
Package: intcalc 2019/12/15 v1.3 Expandable calculations with integers (HO)
)
(/usr/local/texlive/2020/texmf-dist/tex/generic/etexcmds/etexcmds.sty
Package: etexcmds 2019/12/15 v1.7 Avoid name clashes with e-TeX commands (HO)
)
\Hy@SavedSpaceFactor=\count294
Package hyperref Info: Hyper figures OFF on input line 4547.
Package hyperref Info: Link nesting OFF on input line 4552.
Package hyperref Info: Hyper index ON on input line 4555.
Package hyperref Info: Plain pages OFF on input line 4562.
Package hyperref Info: Backreferencing OFF on input line 4567.
Package hyperref Info: Implicit mode ON; LaTeX internals redefined.
Package hyperref Info: Bookmarks ON on input line 4800.
\c@Hy@tempcnt=\count295

(/usr/local/texlive/2020/texmf-dist/tex/latex/url/url.sty
\Urlmuskip=\muskip17
Package: url 2013/09/16  ver 3.4  Verb mode for urls, etc.
)
LaTeX Info: Redefining \url on input line 5159.
\XeTeXLinkMargin=\dimen256

(/usr/local/texlive/2020/texmf-dist/tex/generic/bitset/bitset.sty
Package: bitset 2019/12/09 v1.3 Handle bit-vector datatype (HO)

(/usr/local/texlive/2020/texmf-dist/tex/generic/bigintcalc/bigintcalc.sty
Package: bigintcalc 2019/12/15 v1.5 Expandable calculations on big integers (HO
)
))
\Fld@menulength=\count296
\Field@Width=\dimen257
\Fld@charsize=\dimen258
Package hyperref Info: Hyper figures OFF on input line 6430.
Package hyperref Info: Link nesting OFF on input line 6435.
Package hyperref Info: Hyper index ON on input line 6438.
Package hyperref Info: backreferencing OFF on input line 6445.
Package hyperref Info: Link coloring OFF on input line 6450.
Package hyperref Info: Link coloring with OCG OFF on input line 6455.
Package hyperref Info: PDF/A mode OFF on input line 6460.
LaTeX Info: Redefining \ref on input line 6500.
LaTeX Info: Redefining \pageref on input line 6504.

(/usr/local/texlive/2020/texmf-dist/tex/generic/atbegshi/atbegshi.sty
Package: atbegshi 2019/12/05 v1.19 At begin shipout hook (HO)
)
\Hy@abspage=\count297
\c@Item=\count298
\c@Hfootnote=\count299
)
Package hyperref Info: Driver (autodetected): hpdftex.

(/usr/local/texlive/2020/texmf-dist/tex/latex/hyperref/hpdftex.def
File: hpdftex.def 2020/01/14 v7.00d Hyperref driver for pdfTeX

(/usr/local/texlive/2020/texmf-dist/tex/latex/atveryend/atveryend.sty
Package: atveryend 2019-12-11 v1.11 Hooks at the very end of document (HO)
Package atveryend Info: \enddocument detected (standard20110627).
)
\Fld@listcount=\count300
\c@bookmark@seq@number=\count301

(/usr/local/texlive/2020/texmf-dist/tex/latex/rerunfilecheck/rerunfilecheck.sty
Package: rerunfilecheck 2019/12/05 v1.9 Rerun checks for auxiliary files (HO)

(/usr/local/texlive/2020/texmf-dist/tex/generic/uniquecounter/uniquecounter.sty
Package: uniquecounter 2019/12/15 v1.4 Provide unlimited unique counter (HO)
)
Package uniquecounter Info: New unique counter `rerunfilecheck' on input line 2
86.
)
\Hy@SectionHShift=\skip91
) (/usr/local/texlive/2020/texmf-dist/tex/latex/lineno/lineno.sty
Package: lineno 2005/11/02 line numbers on paragraphs v4.41
\linenopenalty=\count302
\output=\toks41
\linenoprevgraf=\count303
\linenumbersep=\dimen259
\linenumberwidth=\dimen260
\c@linenumber=\count304
\c@pagewiselinenumber=\count305
\c@LN@truepage=\count306
\c@internallinenumber=\count307
\c@internallinenumbers=\count308
\quotelinenumbersep=\dimen261
\bframerule=\dimen262
\bframesep=\dimen263
\bframebox=\box63
LaTeX Info: Redefining \\ on input line 3056.
)
Package hyperref Info: Option `colorlinks' set `true' on input line 54.
\mylena=\skip92
\mylenb=\skip93

No file mvBM_manuscript_JHE.aux.
\openout1 = `mvBM_manuscript_JHE.aux'.

LaTeX Font Info:    Checking defaults for OML/cmm/m/it on input line 124.
LaTeX Font Info:    ... okay on input line 124.
LaTeX Font Info:    Checking defaults for OMS/cmsy/m/n on input line 124.
LaTeX Font Info:    ... okay on input line 124.
LaTeX Font Info:    Checking defaults for OT1/cmr/m/n on input line 124.
LaTeX Font Info:    ... okay on input line 124.
LaTeX Font Info:    Checking defaults for T1/cmr/m/n on input line 124.
LaTeX Font Info:    ... okay on input line 124.
LaTeX Font Info:    Checking defaults for TS1/cmr/m/n on input line 124.
LaTeX Font Info:    ... okay on input line 124.
LaTeX Font Info:    Checking defaults for OMX/cmex/m/n on input line 124.
LaTeX Font Info:    ... okay on input line 124.
LaTeX Font Info:    Checking defaults for U/cmr/m/n on input line 124.
LaTeX Font Info:    ... okay on input line 124.
LaTeX Font Info:    Checking defaults for PD1/pdf/m/n on input line 124.
LaTeX Font Info:    ... okay on input line 124.
LaTeX Font Info:    Trying to load font information for OT1+ppl on input line 1
24.
(/usr/local/texlive/2020/texmf-dist/tex/latex/psnfss/ot1ppl.fd
File: ot1ppl.fd 2001/06/04 font definitions for OT1/ppl.
)
*geometry* driver: auto-detecting
*geometry* detected driver: pdftex
*geometry* verbose mode - [ preamble ] result:
* driver: pdftex
* paper: <default>
* layout: <same size as paper>
* layoutoffset:(h,v)=(0.0pt,0.0pt)
* modes: twoside 
* h-part:(L,W,R)=(50.58878pt, 513.11745pt, 50.58878pt)
* v-part:(T,H,B)=(86.72377pt, 657.65744pt, 50.58878pt)
* \paperwidth=614.295pt
* \paperheight=794.96999pt
* \textwidth=513.11745pt
* \textheight=657.65744pt
* \oddsidemargin=-21.68121pt
* \evensidemargin=-21.68121pt
* \topmargin=-22.54622pt
* \headheight=12.0pt
* \headsep=25.0pt
* \topskip=10.0pt
* \footskip=30.0pt
* \marginparwidth=48.0pt
* \marginparsep=10.0pt
* \columnsep=25.83325pt
* \skip\footins=9.0pt plus 4.0pt minus 2.0pt
* \hoffset=0.0pt
* \voffset=0.0pt
* \mag=1000
* \@twocolumntrue
* \@twosidetrue
* \@mparswitchtrue
* \@reversemarginfalse
* (1in=72.27pt=25.4mm, 1cm=28.453pt)

(/usr/local/texlive/2020/texmf-dist/tex/context/base/mkii/supp-pdf.mkii
[Loading MPS to PDF converter (version 2006.09.02).]
\scratchcounter=\count309
\scratchdimen=\dimen264
\scratchbox=\box64
\nofMPsegments=\count310
\nofMParguments=\count311
\everyMPshowfont=\toks42
\MPscratchCnt=\count312
\MPscratchDim=\dimen265
\MPnumerator=\count313
\makeMPintoPDFobject=\count314
\everyMPtoPDFconversion=\toks43
) (/usr/local/texlive/2020/texmf-dist/tex/latex/epstopdf-pkg/epstopdf-base.sty
Package: epstopdf-base 2020-01-24 v2.11 Base part for package epstopdf
Package epstopdf-base Info: Redefining graphics rule for `.eps' on input line 4
85.

(/usr/local/texlive/2020/texmf-dist/tex/latex/latexconfig/epstopdf-sys.cfg
File: epstopdf-sys.cfg 2010/07/13 v1.3 Configuration of (r)epstopdf for TeX Liv
e
))
Package caption Info: Begin \AtBeginDocument code.
Package caption Info: float package is loaded.
Package caption Info: hyperref package is loaded.
Package caption Info: longtable package is loaded.

(/usr/local/texlive/2020/texmf-dist/tex/latex/caption/ltcaption.sty
Package: ltcaption 2018/08/26 v1.4a longtable captions (AR)
)
Package caption Info: wrapfig package is loaded.
Package caption Info: End \AtBeginDocument code.
\AtBeginShipoutBox=\box65
Package hyperref Info: Link coloring ON on input line 124.
LaTeX Info: Redefining \ref on input line 124.
LaTeX Info: Redefining \pageref on input line 124.
LaTeX Info: Redefining \nameref on input line 124.
\@outlinefile=\write3
\openout3 = `mvBM_manuscript_JHE.out'.

LaTeX Font Info:    Trying to load font information for OML+zplm on input line 
126.

(/usr/local/texlive/2020/texmf-dist/tex/latex/psnfss/omlzplm.fd
File: omlzplm.fd 2002/09/08 Fontinst v1.914 font definitions for OML/zplm.
)
LaTeX Font Info:    Trying to load font information for OMS+zplm on input line 
126.

(/usr/local/texlive/2020/texmf-dist/tex/latex/psnfss/omszplm.fd
File: omszplm.fd 2002/09/08 Fontinst v1.914 font definitions for OMS/zplm.
)
LaTeX Font Info:    Trying to load font information for OMX+zplm on input line 
126.

(/usr/local/texlive/2020/texmf-dist/tex/latex/psnfss/omxzplm.fd
File: omxzplm.fd 2002/09/08 Fontinst v1.914 font definitions for OMX/zplm.
)
LaTeX Font Info:    Font shape `U/msa/m/n' will be
(Font)              scaled to size 12.50409pt on input line 126.
LaTeX Font Info:    Font shape `U/msa/m/n' will be
(Font)              scaled to size 9.37807pt on input line 126.
LaTeX Font Info:    Font shape `U/msa/m/n' will be
(Font)              scaled to size 7.29405pt on input line 126.
LaTeX Font Info:    Font shape `U/msb/m/n' will be
(Font)              scaled to size 12.50409pt on input line 126.
LaTeX Font Info:    Font shape `U/msb/m/n' will be
(Font)              scaled to size 9.37807pt on input line 126.
LaTeX Font Info:    Font shape `U/msb/m/n' will be
(Font)              scaled to size 7.29405pt on input line 126.
LaTeX Font Info:    Trying to load font information for OT1+zplm on input line 
126.

(/usr/local/texlive/2020/texmf-dist/tex/latex/psnfss/ot1zplm.fd
File: ot1zplm.fd 2002/09/08 Fontinst v1.914 font definitions for OT1/zplm.
)
LaTeX Font Info:    Font shape `U/msa/m/n' will be
(Font)              scaled to size 5.21004pt on input line 126.
LaTeX Font Info:    Font shape `U/msb/m/n' will be
(Font)              scaled to size 5.21004pt on input line 126.
LaTeX Font Info:    Font shape `U/msa/m/n' will be
(Font)              scaled to size 10.42007pt on input line 137.
LaTeX Font Info:    Font shape `U/msa/m/n' will be
(Font)              scaled to size 7.91925pt on input line 137.
LaTeX Font Info:    Font shape `U/msa/m/n' will be
(Font)              scaled to size 6.25204pt on input line 137.
LaTeX Font Info:    Font shape `U/msb/m/n' will be
(Font)              scaled to size 10.42007pt on input line 137.
LaTeX Font Info:    Font shape `U/msb/m/n' will be
(Font)              scaled to size 7.91925pt on input line 137.
LaTeX Font Info:    Font shape `U/msb/m/n' will be
(Font)              scaled to size 6.25204pt on input line 137.

Underfull \hbox (badness 10000) in paragraph at lines 130--139

 []

Extra height:0.0pt when 0.0pt
(2)Left:0.0pt Right:0.0pt Output:0.0pt
- LAST -
Left:0.0pt
Right:0.0pt
Output:0.0pt

Package natbib Warning: Citation `felsensteinPhylogeniesComparativeMethod1985' 
on page 1 undefined on input line 147.


Package natbib Warning: Citation `glazkoEstimationDivergenceTimes2003' on page 
1 undefined on input line 147.


Package natbib Warning: Citation `heathBayesianInferenceSpecies2014' on page 1 
undefined on input line 147.


Package natbib Warning: Citation `schluterLikelihoodAncestorStates1997' on page
 1 undefined on input line 147.


Package natbib Warning: Citation `joyAncestralReconstruction2016' on page 1 und
efined on input line 147.


Package natbib Warning: Citation `rannalaArtScienceSpecies2015' on page 1 undef
ined on input line 147.


Package natbib Warning: Citation `donoghueIntegrativeHistoricalBiogeography2003
' on page 1 undefined on input line 147.


Package natbib Warning: Citation `ronquistPhylogeneticMethodsBiogeography2011' 
on page 1 undefined on input line 147.


Package natbib Warning: Citation `neeReconstructedEvolutionaryProcess1994' on p
age 1 undefined on input line 147.


Package natbib Warning: Citation `morlonPhylogeneticApproachesStudying2014' on 
page 1 undefined on input line 147.


Underfull \hbox (badness 1048) in paragraph at lines 147--148
\OT1/ppl/m/n/10 ing pro-cess of spe-ci-a-tion, the split-ting of an-ces-tral
 []


Package natbib Warning: Citation `reisUsingPhylogenomicData2018' on page 1 unde
fined on input line 149.


Package natbib Warning: Citation `bouckaertBEASTAdvancedSoftware2019' on page 1
 undefined on input line 149.


Package natbib Warning: Citation `hohnaRevBayesBayesianPhylogenetic2016a' on pa
ge 1 undefined on input line 149.


Package natbib Warning: Citation `perelmanMolecularPhylogenyLiving2011' on page
 1 undefined on input line 149.


Package natbib Warning: Citation `springerMacroevolutionaryDynamicsHistorical20
12' on page 1 undefined on input line 149.


Package natbib Warning: Citation `collardHowReliableAre2000' on page 1 undefine
d on input line 149.


Package natbib Warning: Citation `gibbsSofttissueCharactersHigher2000' on page 
1 undefined on input line 149.


Package natbib Warning: Citation `varon-gonzalezEstimatingPhylogeniesShape2020'
 on page 1 undefined on input line 149.


Package natbib Warning: Citation `collinsSurvivalOrganicMatter2002' on page 1 u
ndefined on input line 149.


Package natbib Warning: Citation `allentoftHalflifeDNABone2012' on page 1 undef
ined on input line 149.


Package natbib Warning: Citation `pickrellNewHistoryGeography2014' on page 1 un
defined on input line 149.


Package natbib Warning: Citation `chamberlainEarlyHominidPhylogeny1987' on page
 1 undefined on input line 149.


Package natbib Warning: Citation `stringerNumericalCladisticAnalysis1987' on pa
ge 1 undefined on input line 149.


Package natbib Warning: Citation `skeltonEvolutionaryRelationshipsEarly1992' on
 page 1 undefined on input line 149.


Package natbib Warning: Citation `straitReappraisalEarlyHominid1997' on page 1 
undefined on input line 149.


Package natbib Warning: Citation `irishDentalMorphologyPhylogenetic2013' on pag
e 1 undefined on input line 149.


Package natbib Warning: Citation `demboBayesianAnalysisMorphological2015' on pa
ge 1 undefined on input line 149.


Package natbib Warning: Citation `demboEvolutionaryRelationshipsAge2016' on pag
e 1 undefined on input line 149.


Package natbib Warning: Citation `argueAffinitiesHomoFloresiensis2017' on page 
1 undefined on input line 149.


Underfull \vbox (badness 2529) has occurred while \output is active []



Package natbib Warning: Citation `lewisLikelihoodApproachEstimating2001' on pag
e 1 undefined on input line 151.


Package natbib Warning: Citation `jukesEvolutionProteinMolecules1969' on page 1
 undefined on input line 151.


Package natbib Warning: Citation `wrightModelingCharacterChange2016' on page 1 
undefined on input line 151.


Underfull \vbox (badness 10000) has occurred while \output is active []

 [1{/usr/local/texlive/2020/texmf-var/fonts/map/pdftex/updmap/pdftex.map}


]

Package natbib Warning: Citation `efronBootstrapMethodsAnother1979' on page 2 u
ndefined on input line 153.


Package natbib Warning: Citation `felsensteinConfidenceLimitsPhylogenies1985' o
n page 2 undefined on input line 153.


Package natbib Warning: Citation `wrightBayesianAnalysisUsing2014' on page 2 un
defined on input line 153.


Package natbib Warning: Citation `wrightModelingCharacterChange2016' on page 2 
undefined on input line 153.


Package natbib Warning: Citation `oreillyProbabilisticMethodsSurpass2018' on pa
ge 2 undefined on input line 153.


Package natbib Warning: Citation `lewisLikelihoodApproachEstimating2001' on pag
e 2 undefined on input line 155.


Package natbib Warning: Citation `goloboffContinuousCharactersAnalyzed2006' on 
page 2 undefined on input line 155.


Package natbib Warning: Citation `maddisonSquaredchangeParsimonyReconstructions
1991' on page 2 undefined on input line 155.


Package natbib Warning: Citation `rohlfGeometricMorphometricsPhylogeny2002' on 
page 2 undefined on input line 155.


Package natbib Warning: Citation `klugeQuantitativePhyleticsEvolution1969' on p
age 2 undefined on input line 155.


Package natbib Warning: Citation `swoffordInferringEvolutionaryTrees1987' on pa
ge 2 undefined on input line 155.


Package natbib Warning: Citation `rogersComparisonSuitabilityRogers1991' on pag
e 2 undefined on input line 155.


Package natbib Warning: Citation `garcia-cruzCodingQuantitativeCharacter2006' o
n page 2 undefined on input line 155.


Package natbib Warning: Citation `thorpeCodingMorphometricCharacters1984' on pa
ge 2 undefined on input line 155.


Package natbib Warning: Citation `brazeauProblematicCharacterCoding2011' on pag
e 2 undefined on input line 155.


Package natbib Warning: Citation `worthingtonSelectionCharacterCoding2017' on p
age 2 undefined on input line 155.


Package natbib Warning: Citation `wiensCharacterAnalysisMorphological2001' on p
age 2 undefined on input line 155.


Package natbib Warning: Citation `mitteroeckerAdvancesGeometricMorphometrics200
9' on page 2 undefined on input line 155.


Package natbib Warning: Citation `adamsFieldComesAge2013' on page 2 undefined o
n input line 155.


Package natbib Warning: Citation `reinGeometricMorphometricsVirtual2014' on pag
e 2 undefined on input line 155.


Underfull \vbox (badness 10000) has occurred while \output is active []



Package natbib Warning: Citation `felsensteinMaximumlikelihoodEstimationEvoluti
onary1973' on page 2 undefined on input line 157.


Package natbib Warning: Citation `harvatiNeanderthalTaxonomyReconsidered2004' o
n page 2 undefined on input line 157.


Package natbib Warning: Citation `arnold10kTreesWebsiteNew2010' on page 2 undef
ined on input line 157.


Underfull \hbox (badness 1635) in paragraph at lines 157--158
[]\OT1/ppl/m/n/10 Inference un-der a mul-ti-vari-ate Brow-n-ian mo-tion
 []


Underfull \hbox (badness 1874) in paragraph at lines 157--158
\OT1/ppl/m/n/10 model of char-ac-ter evo-lu-tion may sat-isfy this de-
 []


Underfull \hbox (badness 1701) in paragraph at lines 157--158
\OT1/ppl/m/n/10 sire. Mul-ti-vari-ate Brow-n-ian mo-tion (mvBM) is a
 []


Package natbib Warning: Citation `harvatiNeanderthalTaxonomyReconsidered2004' o
n page 2 undefined on input line 162.


Package natbib Warning: Citation `rogersComparativeGenomicsComplex2019' on page
 2 undefined on input line 162.


LaTeX Warning: Reference `tab:landmarkDataComposition' on page 2 undefined on i
nput line 162.


Package natbib Warning: Citation `harvatiNeanderthalTaxonomyReconsidered2004' o
n page 2 undefined on input line 162.

[2]

Package natbib Warning: Citation `collardHowReliableAre2000' on page 3 undefine
d on input line 164.


Package natbib Warning: Citation `gowerGeneralizedProcrustesAnalysis1975' on pa
ge 3 undefined on input line 166.


Package natbib Warning: Citation `drydenStatisticalShapeAnalysis2016' on page 3
 undefined on input line 166.


Package natbib Warning: Citation `booksteinLandmarkMethodsForms1997' on page 3 
undefined on input line 166.


Package natbib Warning: Citation `adamsGeometricMorphometricAnalyses2019' on pa
ge 3 undefined on input line 166.


Package natbib Warning: Citation `rcoreteamLanguageEnvironmentStatistical2013' 
on page 3 undefined on input line 166.


Package natbib Warning: Citation `mitteroeckerComparisonCranialOntogenetic2004'
 on page 3 undefined on input line 166.


Underfull \hbox (badness 1609) in paragraph at lines 166--167
[]\OT1/ppl/m/n/10 Before the data could be an-a-lyzed, sev-eral pre-
 []


Package natbib Warning: Citation `cheverudDevelopmentalIntegrationEvolution1996
' on page 3 undefined on input line 168.


Package natbib Warning: Citation `weaverNeutralTheoryEvolution2018a' on page 3 
undefined on input line 168.


Underfull \vbox (badness 10000) has occurred while \output is active []


Underfull \vbox (badness 10000) has occurred while \output is active []

 [3]

Package natbib Warning: Citation `sokalStatisticalMethodEvaluating1958' on page
 4 undefined on input line 178.


Package natbib Warning: Citation `saitouNeighborjoiningMethodNew1987' on page 4
 undefined on input line 178.


Package natbib Warning: Citation `schliepPhangornPhylogeneticAnalysis2011' on p
age 4 undefined on input line 178.


Package natbib Warning: Citation `paradisAPEAnalysesPhylogenetics2004' on page 
4 undefined on input line 178.


Package natbib Warning: Citation `mahalanobisGeneralizedDistanceStatistics1936'
 on page 4 undefined on input line 178.


Package natbib Warning: Citation `collardHowReliableAre2000' on page 4 undefine
d on input line 182.


Package natbib Warning: Citation `collardHowReliableAre2001' on page 4 undefine
d on input line 182.


Package natbib Warning: Citation `thorpeCodingMorphometricCharacters1984' on pa
ge 4 undefined on input line 182.


Package natbib Warning: Citation `jenksDataModelConcept1967' on page 4 undefine
d on input line 182.


Package natbib Warning: Citation `bivandPackageClassInt2020' on page 4 undefine
d on input line 182.


Package natbib Warning: Citation `collardHowReliableAre2000' on page 4 undefine
d on input line 186.


Package natbib Warning: Citation `nixonParsimonyRatchetNew1999' on page 4 undef
ined on input line 188.


Underfull \hbox (badness 4060) in paragraph at lines 192--193
\OT1/ppl/m/n/10 Four evo-lu-tion-ary mod-els were as-sumed for the
 []


Underfull \hbox (badness 1895) in paragraph at lines 192--193
\OT1/ppl/m/n/10 Jukes-Cantor --- and an or-dered Con-tin-u-ous Time
 []

[4]

Package natbib Warning: Citation `yangAmongsiteRateVariation1996' on page 5 und
efined on input line 198.


Underfull \hbox (badness 4479) in paragraph at lines 198--199
[]\OT1/ppl/m/n/10 Following con-ven-tion (\OT1/ppl/b/n/10 ?\OT1/ppl/m/n/10 ), w
e al-lowed gamma-
 []


Underfull \hbox (badness 1210) in paragraph at lines 198--199
\OT1/ppl/m/n/10 CTMC mod-els, ap-prox-i-mated by av-er-ag-ing over 4
 []


Underfull \vbox (badness 10000) has occurred while \output is active []



Package natbib Warning: Citation `geyerMarkovChainMonte1991' on page 5 undefine
d on input line 200.


Package natbib Warning: Citation `altekarParallelMetropolisCoupled2004' on page
 5 undefined on input line 200.


Package natbib Warning: Citation `robinsonComparisonPhylogeneticTrees1981' on p
age 5 undefined on input line 202.


Package natbib Warning: Citation `kuhnerSimulationComparisonPhylogeny1994' on p
age 5 undefined on input line 202.


Package natbib Warning: Citation `plummerCODAConvergenceDiagnosis2006' on page 
5 undefined on input line 202.


Package natbib Warning: Citation `arnold10kTreesWebsiteNew2010' on page 5 undef
ined on input line 206.


Package natbib Warning: Citation `posadaJModelTestPhylogeneticModel2008' on pag
e 5 undefined on input line 206.


Package natbib Warning: Citation `schliepPhangornPhylogeneticAnalysis2011' on p
age 5 undefined on input line 206.


Underfull \hbox (badness 1215) in paragraph at lines 206--207
\OT1/ppl/m/n/10 ti-vari-ate Brow-n-ian mo-tion rate ma-trix? Here, we
 []

[5]

Package natbib Warning: Citation `steegenIncreasingTransparencyMultiverse2016' 
on page 6 undefined on input line 213.


LaTeX Warning: Reference `fig:harvatiFigure0' on page 6 undefined on input line
 213.


Package natbib Warning: Citation `revellPhytoolsPackagePhylogenetic2012' on pag
e 6 undefined on input line 213.


LaTeX Warning: Reference `fig:harvatiFigure1' on page 6 undefined on input line
 213.


Package natbib Warning: Citation `felsensteinPHYLIPPhylogenyInference1993' on p
age 6 undefined on input line 213.


LaTeX Warning: Reference `fig:harvatiFigure1' on page 6 undefined on input line
 213.


LaTeX Warning: Reference `fig:harvatiFigure1' on page 6 undefined on input line
 213.

[6]

LaTeX Warning: Reference `fig:harvatiFigure2' on page 7 undefined on input line
 215.


LaTeX Warning: Reference `fig:harvatiFigure3' on page 7 undefined on input line
 230.


LaTeX Warning: Reference `fig:harvatiFigure3' on page 7 undefined on input line
 230.


LaTeX Warning: Reference `fig:harvatiFigure3' on page 7 undefined on input line
 230.


Underfull \hbox (badness 1515) in paragraph at lines 230--231
[]\OT1/ppl/m/n/10 To fur-ther ex-plore how well the mvBM pro-cess
 []


LaTeX Warning: Reference `fig:harvatiFigure4' on page 7 undefined on input line
 232.


LaTeX Warning: Reference `fig:harvatiFigure4' on page 7 undefined on input line
 232.


LaTeX Warning: Reference `fig:harvatiFigure5' on page 7 undefined on input line
 232.


LaTeX Warning: Reference `fig:harvatiFigure5' on page 7 undefined on input line
 232.


Underfull \vbox (badness 5862) has occurred while \output is active []



LaTeX Warning: Reference `fig:harvatiFigure4' on page 7 undefined on input line
 234.


LaTeX Warning: Reference `fig:harvatiFigure6' on page 7 undefined on input line
 234.


LaTeX Warning: Reference `fig:harvatiFigure0' on page 7 undefined on input line
 238.


LaTeX Warning: Reference `fig:harvatiFigure2' on page 7 undefined on input line
 238.


Package natbib Warning: Citation `darwinDescentManSelection1896' on page 7 unde
fined on input line 238.


Package natbib Warning: Citation `bradleyReconstructingPhylogeniesPhenotypes200
8' on page 7 undefined on input line 238.


Package natbib Warning: Citation `sheaPaedomorphosisNeotenyPygmy1983' on page 7
 undefined on input line 238.


Package natbib Warning: Citation `williamsDiagnosingHeterochronicPerturbations2
001' on page 7 undefined on input line 238.


LaTeX Warning: Reference `fig:harvatiFigure4' on page 7 undefined on input line
 238.


LaTeX Warning: Reference `fig:harvatiFigure6' on page 7 undefined on input line
 238.


LaTeX Warning: Reference `fig:harvatiFigure2' on page 7 undefined on input line
 238.

[7]

LaTeX Warning: Reference `fig:harvatiFigure1' on page 8 undefined on input line
 240.


LaTeX Warning: Reference `fig:harvatiFigure2' on page 8 undefined on input line
 240.


Package natbib Warning: Citation `thierryPatternsAgonisticInteractions1985' on 
page 8 undefined on input line 240.


Package natbib Warning: Citation `thierryUnityDiversityLessons2007' on page 8 u
ndefined on input line 240.


Package natbib Warning: Citation `brechtManyFacetsFacial2012' on page 8 undefin
ed on input line 240.


Package natbib Warning: Citation `thierryStructuralConvergenceSilent1989' on pa
ge 8 undefined on input line 240.


Package natbib Warning: Citation `pellisUseBaredteethDisplay2011' on page 8 und
efined on input line 240.


LaTeX Warning: Reference `fig:harvatiFigure4' on page 8 undefined on input line
 240.


LaTeX Warning: Reference `fig:harvatiFigure6' on page 8 undefined on input line
 240.


Underfull \hbox (badness 1062) in paragraph at lines 240--241
\OT1/ppl/m/n/10 uvBM and or-dered CTMC anal-y-ses (Fig-ure []), as
 []


LaTeX Warning: Reference `fig:harvatiFigure1' on page 8 undefined on input line
 242.


LaTeX Warning: Reference `fig:harvatiFigure1' on page 8 undefined on input line
 242.


Underfull \vbox (badness 10000) has occurred while \output is active []



Package natbib Warning: Citation `collardHowReliableAre2000' on page 8 undefine
d on input line 244.


Package natbib Warning: Citation `gibbsSofttissueCharactersHigher2000' on page 
8 undefined on input line 244.


LaTeX Warning: Reference `fig:harvatiFigure3' on page 8 undefined on input line
 244.


Package natbib Warning: Citation `alvarez-carreteroBayesianEstimationSpecies201
9' on page 8 undefined on input line 244.


Package natbib Warning: Citation `varon-gonzalezEstimatingPhylogeniesShape2020'
 on page 8 undefined on input line 244.


Underfull \vbox (badness 10000) has occurred while \output is active []

 [8]

LaTeX Warning: Reference `fig:harvatiFigure5' on page 9 undefined on input line
 246.


Package natbib Warning: Citation `sodiniComparisonGenotypicPhenotypic2018' on p
age 9 undefined on input line 246.


Package natbib Warning: Citation `roffEvolutionGeneticCorrelations1996' on page
 9 undefined on input line 246.


LaTeX Warning: Reference `fig:harvatiFigure5' on page 9 undefined on input line
 246.


LaTeX Warning: Reference `fig:harvatiFigure5' on page 9 undefined on input line
 246.


LaTeX Warning: Reference `fig:harvatiFigure5' on page 9 undefined on input line
 248.


LaTeX Warning: Reference `fig:harvatiFigure1' on page 9 undefined on input line
 248.


LaTeX Warning: Reference `fig:harvatiFigure5' on page 9 undefined on input line
 248.


LaTeX Warning: Reference `fig:harvatiFigure5' on page 9 undefined on input line
 248.


Package natbib Warning: Citation `varon-gonzalezEstimatingPhylogeniesShape2020'
 on page 9 undefined on input line 250.


LaTeX Warning: Reference `fig:harvatiFigure4' on page 9 undefined on input line
 250.


Package natbib Warning: Citation `mayBayesianApproachInferring2020' on page 9 u
ndefined on input line 250.


Package natbib Warning: Citation `philippeHeterotachyLongbranchAttraction2005' 
on page 9 undefined on input line 250.


Underfull \vbox (badness 5862) has occurred while \output is active []



Package natbib Warning: Citation `bastidePhylogeneticComparativeMethods2018' on
 page 9 undefined on input line 252.


Package natbib Warning: Citation `mendesMultispeciesCoalescentModel2018' on pag
e 9 undefined on input line 252.


Package natbib Warning: Citation `rogersComparativeGenomicsComplex2019' on page
 9 undefined on input line 252.


Package natbib Warning: Citation `arnoldUnderstandingEvolutionStability2008' on
 page 9 undefined on input line 252.


Package natbib Warning: Citation `caetanoEstimatingCorrelatedRates2019' on page
 9 undefined on input line 252.


Package natbib Warning: Citation `simmonsFalsepositivePsychologyUndisclosed2011
' on page 9 undefined on input line 252.


Underfull \vbox (badness 10000) has occurred while \output is active []

 [9]
[10

]
<figures/harvati_figure0_multiverse_alt.pdf, id=62, 803.0pt x 401.5pt>
File: figures/harvati_figure0_multiverse_alt.pdf Graphic file (type pdf)
<use figures/harvati_figure0_multiverse_alt.pdf>
Package pdftex.def Info: figures/harvati_figure0_multiverse_alt.pdf  used on in
put line 265.
(pdftex.def)             Requested size: 455.24408pt x 227.62596pt.
<figures/harvati_figure1_final.pdf, id=63, 2810.5pt x 3011.25pt>
File: figures/harvati_figure1_final.pdf Graphic file (type pdf)
<use figures/harvati_figure1_final.pdf>
Package pdftex.def Info: figures/harvati_figure1_final.pdf  used on input line 
272.
(pdftex.def)             Requested size: 455.24408pt x 487.73714pt.


LaTeX Warning: `h' float specifier changed to `ht'.

<figures/harvati_figure2_final.pdf, id=64, 2810.5pt x 1505.625pt>
File: figures/harvati_figure2_final.pdf Graphic file (type pdf)
<use figures/harvati_figure2_final.pdf>
Package pdftex.def Info: figures/harvati_figure2_final.pdf  used on input line 
279.
(pdftex.def)             Requested size: 455.24408pt x 243.86856pt.

LaTeX Warning: `h' float specifier changed to `ht'.

<figures/harvati_figure3_final_redo.pdf, id=65, 2409.0pt x 803.0pt>
File: figures/harvati_figure3_final_redo.pdf Graphic file (type pdf)
<use figures/harvati_figure3_final_redo.pdf>
Package pdftex.def Info: figures/harvati_figure3_final_redo.pdf  used on input 
line 286.
(pdftex.def)             Requested size: 455.24408pt x 151.73839pt.

LaTeX Warning: `h' float specifier changed to `ht'.

<figures/harvati_figure4_final.pdf, id=66, 2208.25pt x 752.8125pt>
File: figures/harvati_figure4_final.pdf Graphic file (type pdf)
<use figures/harvati_figure4_final.pdf>
Package pdftex.def Info: figures/harvati_figure4_final.pdf  used on input line 
293.
(pdftex.def)             Requested size: 455.24408pt x 155.18907pt.

LaTeX Warning: `h' float specifier changed to `ht'.

<figures/harvati_figure5_final.pdf, id=67, 2007.5pt x 501.875pt>
File: figures/harvati_figure5_final.pdf Graphic file (type pdf)
<use figures/harvati_figure5_final.pdf>
Package pdftex.def Info: figures/harvati_figure5_final.pdf  used on input line 
300.
(pdftex.def)             Requested size: 455.24408pt x 113.80533pt.
LaTeX Font Info:    Font shape `U/msa/m/n' will be
(Font)              scaled to size 8.33606pt on input line 302.
LaTeX Font Info:    Font shape `U/msb/m/n' will be
(Font)              scaled to size 8.33606pt on input line 302.

LaTeX Warning: `h' float specifier changed to `ht'.

<figures/harvati_figure6_final_redo.pdf, id=68, 2409.0pt x 803.0pt>
File: figures/harvati_figure6_final_redo.pdf Graphic file (type pdf)
<use figures/harvati_figure6_final_redo.pdf>
Package pdftex.def Info: figures/harvati_figure6_final_redo.pdf  used on input 
line 307.
(pdftex.def)             Requested size: 455.24408pt x 151.73839pt.

LaTeX Warning: `h' float specifier changed to `ht'.

[11


 <./figures/harvati_figure0_multiverse_alt.pdf>] [12 <./figures/harvati_figure1
_final.pdf>] [13 <./figures/harvati_figure2_final.pdf> <./figures/harvati_figur
e3_final_redo.pdf

pdfTeX warning: /Library/TeX/texbin/pdflatex (file ./figures/harvati_figure3_fi
nal_redo.pdf): PDF inclusion: multiple pdfs with page group included in a singl
e page
>] [14 <./figures/harvati_figure4_final.pdf> <./figures/harvati_figure5_final.p
df

pdfTeX warning: /Library/TeX/texbin/pdflatex (file ./figures/harvati_figure5_fi
nal.pdf): PDF inclusion: multiple pdfs with page group included in a single pag
e
>] [15 <./figures/harvati_figure6_final_redo.pdf>] (./tables/landmark_data.tex

Package natbib Warning: Citation `harvatiNeanderthalTaxonomyReconsidered2004' o
n page 16 undefined on input line 25.


Underfull \vbox (badness 10000) detected at line 27
 []

) [16

]
No file mvBM_manuscript_JHE.bbl.

Package natbib Warning: There were undefined citations.

Package atveryend Info: Empty hook `BeforeClearDocument' on input line 337.
Package atveryend Info: Empty hook `AfterLastShipout' on input line 337.
(./mvBM_manuscript_JHE.aux)
Package atveryend Info: Executing hook `AtVeryEndDocument' on input line 337.
Package atveryend Info: Executing hook `AtEndAfterFileList' on input line 337.


Package rerunfilecheck Warning: File `mvBM_manuscript_JHE.out' has changed.
(rerunfilecheck)                Rerun to get outlines right
(rerunfilecheck)                or use package `bookmark'.

Package rerunfilecheck Info: Checksums for `mvBM_manuscript_JHE.out':
(rerunfilecheck)             Before: <no file>
(rerunfilecheck)             After:  F30508C1D121AB023CF94D7D6D49D8D3;433.

LaTeX Warning: There were undefined references.


LaTeX Warning: Label(s) may have changed. Rerun to get cross-references right.

Package atveryend Info: Empty hook `AtVeryVeryEnd' on input line 337.
 ) 
Here is how much of TeX's memory you used:
 11989 strings out of 480608
 183763 string characters out of 5903631
 576543 words of memory out of 5000000
 27549 multiletter control sequences out of 15000+600000
 568269 words of font info for 119 fonts, out of 8000000 for 9000
 1141 hyphenation exceptions out of 8191
 41i,11n,55p,2884b,401s stack positions out of 5000i,500n,10000p,200000b,80000s
{/usr/local/texlive/2020/texmf-dist/fonts/enc/dvips/base/8r.enc}</usr/local/t
exlive/2020/texmf-dist/fonts/type1/public/amsfonts/cm/cmmi10.pfb></usr/local/te
xlive/2020/texmf-dist/fonts/type1/public/amsfonts/cm/cmr10.pfb></usr/local/texl
ive/2020/texmf-dist/fonts/type1/public/amsfonts/cm/cmss8.pfb></usr/local/texliv
e/2020/texmf-dist/fonts/type1/public/amsfonts/cm/cmsy10.pfb></usr/local/texlive
/2020/texmf-dist/fonts/type1/public/amsfonts/cm/cmtt10.pfb></usr/local/texlive/
2020/texmf-dist/fonts/type1/public/mathpazo/fplmri.pfb></usr/local/texlive/2020
/texmf-dist/fonts/type1/urw/palatino/uplb8a.pfb></usr/local/texlive/2020/texmf-
dist/fonts/type1/urw/palatino/uplr8a.pfb></usr/local/texlive/2020/texmf-dist/fo
nts/type1/urw/palatino/uplri8a.pfb>
Output written on mvBM_manuscript_JHE.pdf (16 pages, 764262 bytes).
PDF statistics:
 315 PDF objects out of 1000 (max. 8388607)
 226 compressed objects within 3 object streams
 34 named destinations out of 1000 (max. 500000)
 36 words of extra memory for PDF output out of 10000 (max. 10000000)

