This is pdfTeX, Version 3.14159265-2.6-1.40.20 (TeX Live 2019) (preloaded format=pdflatex 2019.5.8)  17 NOV 2020 10:26
entering extended mode
 restricted \write18 enabled.
 %&-line parsing enabled.
**dissertation_lashinsky_2020.tex
(./dissertation_lashinsky_2020.tex
LaTeX2e <2018-12-01>
(/usr/local/texlive/2019/texmf-dist/tex/latex/ucdavisthesis/ucdavisthesis.cls
Document Class: ucdavisthesis 2016/04/23 v1.3 UCDavis thesis class
(/usr/local/texlive/2019/texmf-dist/tex/latex/base/ifthen.sty
Package: ifthen 2014/09/29 v1.1c Standard LaTeX ifthen package (DPC)
)
(/usr/local/texlive/2019/texmf-dist/tex/latex/ucdavisthesis/ucdthesis12.clo
File: ucdthesis12.clo 2009/02/22 v1.0 ucdavisthesis class 12pt size option
)
\c@part=\count80
\c@chapter=\count81
\c@section=\count82
\c@subsection=\count83
\c@subsubsection=\count84
\c@paragraph=\count85
\c@subparagraph=\count86
\bibindent=\dimen102
\abovecaptionskip=\skip41
\belowcaptionskip=\skip42
\c@figure=\count87
\c@table=\count88
\UMIfoliosep=\skip43
\c@UMIpagetemp=\count89
)
(/usr/local/texlive/2019/texmf-dist/tex/latex/datetime/datetime.sty
Package: datetime 2015/03/20 v2.60 Date Time Package

(/usr/local/texlive/2019/texmf-dist/tex/latex/etoolbox/etoolbox.sty
Package: etoolbox 2018/08/19 v2.5f e-TeX tools for LaTeX (JAW)
\etb@tempcnta=\count90
)
(/usr/local/texlive/2019/texmf-dist/tex/latex/fmtcount/fmtcount.sty
Package: fmtcount 2017/12/24 v3.05

(/usr/local/texlive/2019/texmf-dist/tex/latex/xkeyval/xkeyval.sty
Package: xkeyval 2014/12/03 v2.7a package option processing (HA)

(/usr/local/texlive/2019/texmf-dist/tex/generic/xkeyval/xkeyval.tex
(/usr/local/texlive/2019/texmf-dist/tex/generic/xkeyval/xkvutils.tex
\XKV@toks=\toks14
\XKV@tempa@toks=\toks15

(/usr/local/texlive/2019/texmf-dist/tex/generic/xkeyval/keyval.tex))
\XKV@depth=\count91
File: xkeyval.tex 2014/12/03 v2.7a key=value parser (HA)
))
(/usr/local/texlive/2019/texmf-dist/tex/latex/fmtcount/fcprefix.sty
Package: fcprefix 2012/09/28

(/usr/local/texlive/2019/texmf-dist/tex/latex/fmtcount/fcnumparser.sty
Package: fcnumparser 2017/06/15
\fc@digit@counter=\count92
))
(/usr/local/texlive/2019/texmf-dist/tex/latex/amsmath/amsgen.sty
File: amsgen.sty 1999/11/30 v2.0 generic functions
\@emptytoks=\toks16
\ex@=\dimen103
)
\c@padzeroesN=\count93
\fc@tmpcatcode=\count94
\@DT@modctr=\count95
\@ordinalctr=\count96
\@orgargctr=\count97
\@strctr=\count98
\@tmpstrctr=\count99
\@DT@loopN=\count100
\@DT@X=\count101
)
(/usr/local/texlive/2019/texmf-dist/tex/latex/datetime/datetime-defaults.sty
Package: datetime-defaults 2013/09/10
)
\@day=\count102
\@month=\count103
\@year=\count104
\c@HOUR=\count105
\c@HOURXII=\count106
\c@MINUTE=\count107
\c@TOHOUR=\count108
\c@TOMINUTE=\count109
\c@SECOND=\count110
\currenthour=\count111
\currentminute=\count112
\currentsecond=\count113
Package datetime Info: No datetime.cfg file found, using default settings on in
put line 308.
\@dtctr=\count114
\dayofyear=\count115
\dayofweek=\count116
LaTeX Info: Redefining \today on input line 736.
\dt@a=\toks17
\dt@b=\toks18
)
(/usr/local/texlive/2019/texmf-dist/tex/latex/graphics/graphicx.sty
Package: graphicx 2017/06/01 v1.1a Enhanced LaTeX Graphics (DPC,SPQR)

(/usr/local/texlive/2019/texmf-dist/tex/latex/graphics/graphics.sty
Package: graphics 2017/06/25 v1.2c Standard LaTeX Graphics (DPC,SPQR)

(/usr/local/texlive/2019/texmf-dist/tex/latex/graphics/trig.sty
Package: trig 2016/01/03 v1.10 sin cos tan (DPC)
)
(/usr/local/texlive/2019/texmf-dist/tex/latex/graphics-cfg/graphics.cfg
File: graphics.cfg 2016/06/04 v1.11 sample graphics configuration
)
Package graphics Info: Driver file: pdftex.def on input line 99.

(/usr/local/texlive/2019/texmf-dist/tex/latex/graphics-def/pdftex.def
File: pdftex.def 2018/01/08 v1.0l Graphics/color driver for pdftex
))
\Gin@req@height=\dimen104
\Gin@req@width=\dimen105
)
(/usr/local/texlive/2019/texmf-dist/tex/latex/natbib/natbib.sty
Package: natbib 2010/09/13 8.31b (PWD, AO)
\bibhang=\skip44
\bibsep=\skip45
LaTeX Info: Redefining \cite on input line 694.
\c@NAT@ctr=\count117
)
(/usr/local/texlive/2019/texmf-dist/tex/latex/appendix/appendix.sty
Package: appendix 2009/09/02 v1.2b extra appendix facilities
\c@@pps=\count118
\c@@ppsavesec=\count119
\c@@ppsaveapp=\count120
)
(/usr/local/texlive/2019/texmf-dist/tex/latex/hyperref/hyperref.sty
Package: hyperref 2018/11/30 v6.88e Hypertext links for LaTeX

(/usr/local/texlive/2019/texmf-dist/tex/generic/oberdiek/hobsub-hyperref.sty
Package: hobsub-hyperref 2016/05/16 v1.14 Bundle oberdiek, subset hyperref (HO)


(/usr/local/texlive/2019/texmf-dist/tex/generic/oberdiek/hobsub-generic.sty
Package: hobsub-generic 2016/05/16 v1.14 Bundle oberdiek, subset generic (HO)
Package: hobsub 2016/05/16 v1.14 Construct package bundles (HO)
Package: infwarerr 2016/05/16 v1.4 Providing info/warning/error messages (HO)
Package: ltxcmds 2016/05/16 v1.23 LaTeX kernel commands for general use (HO)
Package: ifluatex 2016/05/16 v1.4 Provides the ifluatex switch (HO)
Package ifluatex Info: LuaTeX not detected.
Package: ifvtex 2016/05/16 v1.6 Detect VTeX and its facilities (HO)
Package ifvtex Info: VTeX not detected.
Package: intcalc 2016/05/16 v1.2 Expandable calculations with integers (HO)
Package: ifpdf 2018/09/07 v3.3 Provides the ifpdf switch
Package: etexcmds 2016/05/16 v1.6 Avoid name clashes with e-TeX commands (HO)
Package: kvsetkeys 2016/05/16 v1.17 Key value parser (HO)
Package: kvdefinekeys 2016/05/16 v1.4 Define keys (HO)
Package: pdftexcmds 2018/09/10 v0.29 Utility functions of pdfTeX for LuaTeX (HO
)
Package pdftexcmds Info: LuaTeX not detected.
Package pdftexcmds Info: \pdf@primitive is available.
Package pdftexcmds Info: \pdf@ifprimitive is available.
Package pdftexcmds Info: \pdfdraftmode found.
Package: pdfescape 2016/05/16 v1.14 Implements pdfTeX's escape features (HO)
Package: bigintcalc 2016/05/16 v1.4 Expandable calculations on big integers (HO
)
Package: bitset 2016/05/16 v1.2 Handle bit-vector datatype (HO)
Package: uniquecounter 2016/05/16 v1.3 Provide unlimited unique counter (HO)
)
Package hobsub Info: Skipping package `hobsub' (already loaded).
Package: letltxmacro 2016/05/16 v1.5 Let assignment for LaTeX macros (HO)
Package: hopatch 2016/05/16 v1.3 Wrapper for package hooks (HO)
Package: xcolor-patch 2016/05/16 xcolor patch
Package: atveryend 2016/05/16 v1.9 Hooks at the very end of document (HO)
Package: atbegshi 2016/06/09 v1.18 At begin shipout hook (HO)
Package: refcount 2016/05/16 v3.5 Data extraction from label references (HO)
Package: hycolor 2016/05/16 v1.8 Color options for hyperref/bookmark (HO)
)
(/usr/local/texlive/2019/texmf-dist/tex/generic/ifxetex/ifxetex.sty
Package: ifxetex 2010/09/12 v0.6 Provides ifxetex conditional
)
(/usr/local/texlive/2019/texmf-dist/tex/latex/oberdiek/auxhook.sty
Package: auxhook 2016/05/16 v1.4 Hooks for auxiliary files (HO)
)
(/usr/local/texlive/2019/texmf-dist/tex/latex/oberdiek/kvoptions.sty
Package: kvoptions 2016/05/16 v3.12 Key value format for package options (HO)
)
\@linkdim=\dimen106
\Hy@linkcounter=\count121
\Hy@pagecounter=\count122

(/usr/local/texlive/2019/texmf-dist/tex/latex/hyperref/pd1enc.def
File: pd1enc.def 2018/11/30 v6.88e Hyperref: PDFDocEncoding definition (HO)
Now handling font encoding PD1 ...
... no UTF-8 mapping file for font encoding PD1
)
\Hy@SavedSpaceFactor=\count123

(/usr/local/texlive/2019/texmf-dist/tex/latex/latexconfig/hyperref.cfg
File: hyperref.cfg 2002/06/06 v1.2 hyperref configuration of TeXLive
)
Package hyperref Info: Option `colorlinks' set `true' on input line 4393.
Package hyperref Info: Hyper figures OFF on input line 4519.
Package hyperref Info: Link nesting OFF on input line 4524.
Package hyperref Info: Hyper index ON on input line 4527.
Package hyperref Info: Plain pages OFF on input line 4534.
Package hyperref Info: Backreferencing OFF on input line 4539.
Package hyperref Info: Implicit mode ON; LaTeX internals redefined.
Package hyperref Info: Bookmarks ON on input line 4772.
\c@Hy@tempcnt=\count124

(/usr/local/texlive/2019/texmf-dist/tex/latex/url/url.sty
\Urlmuskip=\muskip10
Package: url 2013/09/16  ver 3.4  Verb mode for urls, etc.
)
LaTeX Info: Redefining \url on input line 5125.
\XeTeXLinkMargin=\dimen107
\Fld@menulength=\count125
\Field@Width=\dimen108
\Fld@charsize=\dimen109
Package hyperref Info: Hyper figures OFF on input line 6380.
Package hyperref Info: Link nesting OFF on input line 6385.
Package hyperref Info: Hyper index ON on input line 6388.
Package hyperref Info: backreferencing OFF on input line 6395.
Package hyperref Info: Link coloring ON on input line 6398.
Package hyperref Info: Link coloring with OCG OFF on input line 6405.
Package hyperref Info: PDF/A mode OFF on input line 6410.
LaTeX Info: Redefining \ref on input line 6450.
LaTeX Info: Redefining \pageref on input line 6454.
\Hy@abspage=\count126
\c@Item=\count127
\c@Hfootnote=\count128
)
Package hyperref Info: Driver (autodetected): hpdftex.

(/usr/local/texlive/2019/texmf-dist/tex/latex/hyperref/hpdftex.def
File: hpdftex.def 2018/11/30 v6.88e Hyperref driver for pdfTeX
\Fld@listcount=\count129
\c@bookmark@seq@number=\count130

(/usr/local/texlive/2019/texmf-dist/tex/latex/oberdiek/rerunfilecheck.sty
Package: rerunfilecheck 2016/05/16 v1.8 Rerun checks for auxiliary files (HO)
Package uniquecounter Info: New unique counter `rerunfilecheck' on input line 2
82.
)
\Hy@SectionHShift=\skip46
)
(/usr/local/texlive/2019/texmf-dist/tex/latex/amsmath/amsmath.sty
Package: amsmath 2018/12/01 v2.17b AMS math features
\@mathmargin=\skip47

For additional information on amsmath, use the `?' option.
(/usr/local/texlive/2019/texmf-dist/tex/latex/amsmath/amstext.sty
Package: amstext 2000/06/29 v2.01 AMS text
)
(/usr/local/texlive/2019/texmf-dist/tex/latex/amsmath/amsbsy.sty
Package: amsbsy 1999/11/29 v1.2d Bold Symbols
\pmbraise@=\dimen110
)
(/usr/local/texlive/2019/texmf-dist/tex/latex/amsmath/amsopn.sty
Package: amsopn 2016/03/08 v2.02 operator names
)
\inf@bad=\count131
LaTeX Info: Redefining \frac on input line 223.
\uproot@=\count132
\leftroot@=\count133
LaTeX Info: Redefining \overline on input line 385.
\classnum@=\count134
\DOTSCASE@=\count135
LaTeX Info: Redefining \ldots on input line 482.
LaTeX Info: Redefining \dots on input line 485.
LaTeX Info: Redefining \cdots on input line 606.
\Mathstrutbox@=\box27
\strutbox@=\box28
\big@size=\dimen111
LaTeX Font Info:    Redeclaring font encoding OML on input line 729.
LaTeX Font Info:    Redeclaring font encoding OMS on input line 730.
\macc@depth=\count136
\c@MaxMatrixCols=\count137
\dotsspace@=\muskip11
\c@parentequation=\count138
\dspbrk@lvl=\count139
\tag@help=\toks19
\row@=\count140
\column@=\count141
\maxfields@=\count142
\andhelp@=\toks20
\eqnshift@=\dimen112
\alignsep@=\dimen113
\tagshift@=\dimen114
\tagwidth@=\dimen115
\totwidth@=\dimen116
\lineht@=\dimen117
\@envbody=\toks21
\multlinegap=\skip48
\multlinetaggap=\skip49
\mathdisplay@stack=\toks22
LaTeX Info: Redefining \[ on input line 2844.
LaTeX Info: Redefining \] on input line 2845.
)
(/usr/local/texlive/2019/texmf-dist/tex/latex/amscls/amsthm.sty
Package: amsthm 2017/10/31 v2.20.4
\thm@style=\toks23
\thm@bodyfont=\toks24
\thm@headfont=\toks25
\thm@notefont=\toks26
\thm@headpunct=\toks27
\thm@preskip=\skip50
\thm@postskip=\skip51
\thm@headsep=\skip52
\dth@everypar=\toks28
)
(/usr/local/texlive/2019/texmf-dist/tex/latex/amsfonts/amssymb.sty
Package: amssymb 2013/01/14 v3.01 AMS font symbols

(/usr/local/texlive/2019/texmf-dist/tex/latex/amsfonts/amsfonts.sty
Package: amsfonts 2013/01/14 v3.01 Basic AMSFonts support
\symAMSa=\mathgroup4
\symAMSb=\mathgroup5
LaTeX Font Info:    Overwriting math alphabet `\mathfrak' in version `bold'
(Font)                  U/euf/m/n --> U/euf/b/n on input line 106.
))
(/usr/local/texlive/2019/texmf-dist/tex/latex/eso-pic/eso-pic.sty
Package: eso-pic 2018/04/12 v2.0h eso-pic (RN)

(/usr/local/texlive/2019/texmf-dist/tex/latex/xcolor/xcolor.sty
Package: xcolor 2016/05/11 v2.12 LaTeX color extensions (UK)

(/usr/local/texlive/2019/texmf-dist/tex/latex/graphics-cfg/color.cfg
File: color.cfg 2016/01/02 v1.6 sample color configuration
)
Package xcolor Info: Driver file: pdftex.def on input line 225.
Package xcolor Info: Model `cmy' substituted by `cmy0' on input line 1348.
Package xcolor Info: Model `hsb' substituted by `rgb' on input line 1352.
Package xcolor Info: Model `RGB' extended on input line 1364.
Package xcolor Info: Model `HTML' substituted by `rgb' on input line 1366.
Package xcolor Info: Model `Hsb' substituted by `hsb' on input line 1367.
Package xcolor Info: Model `tHsb' substituted by `hsb' on input line 1368.
Package xcolor Info: Model `HSB' substituted by `hsb' on input line 1369.
Package xcolor Info: Model `Gray' substituted by `gray' on input line 1370.
Package xcolor Info: Model `wave' substituted by `hsb' on input line 1371.
))
(/usr/local/texlive/2019/texmf-dist/tex/latex/tools/longtable.sty
Package: longtable 2014/10/28 v4.11 Multi-page Table package (DPC)+ FMi change
\LTleft=\skip53
\LTright=\skip54
\LTpre=\skip55
\LTpost=\skip56
\LTchunksize=\count143
\LTcapwidth=\dimen118
\LT@head=\box29
\LT@firsthead=\box30
\LT@foot=\box31
\LT@lastfoot=\box32
\LT@cols=\count144
\LT@rows=\count145
\c@LT@tables=\count146
\c@LT@chunks=\count147
\LT@p@ftn=\toks29
)
(/usr/local/texlive/2019/texmf-dist/tex/latex/caption/caption.sty
Package: caption 2018/10/06 v3.3-154 Customizing captions (AR)

(/usr/local/texlive/2019/texmf-dist/tex/latex/caption/caption3.sty
Package: caption3 2018/09/12 v1.8c caption3 kernel (AR)
Package caption3 Info: TeX engine: e-TeX on input line 64.
\captionmargin=\dimen119
\captionmargin@=\dimen120
\captionwidth=\dimen121
\caption@tempdima=\dimen122
\caption@indent=\dimen123
\caption@parindent=\dimen124
\caption@hangindent=\dimen125
Package caption Info: Unknown document class (or package),
(caption)             standard defaults will be used.
)

Package caption Warning: Unsupported document class (or package) detected,
(caption)                usage of the caption package is not recommended.
See the caption package documentation for explanation.

Package caption Info: \@makecaption = \long macro:#1#2->\renewcommand {\baselin
estretch }{1.0} \small \vskip \abovecaptionskip \sbox \@tempboxa {#1. #2}\ifdim
 \wd \@tempboxa >0.9\hsize \hskip .05\hsize \parbox {0.9\hsize }{#1. #2}\else \
global \@minipagefalse \hb@xt@ \hsize {\hfil \box \@tempboxa \hfil }\fi \normal
size \vskip \belowcaptionskip .
\c@caption@flags=\count148
\c@ContinuedFloat=\count149
Package caption Info: hyperref package is loaded.
Package caption Info: longtable package is loaded.
(/usr/local/texlive/2019/texmf-dist/tex/latex/caption/ltcaption.sty
Package: ltcaption 2018/08/26 v1.4-95 longtable captions (AR)
))
(/usr/local/texlive/2019/texmf-dist/tex/latex/movie15/movie15.sty
Package: movie15 2012/05/16

(/usr/local/texlive/2019/texmf-dist/tex/latex/oberdiek/ifdraft.sty
Package: ifdraft 2016/05/16 v1.4 Detect class options draft and final (HO)
)
(/usr/local/texlive/2019/texmf-dist/tex/latex/ms/everyshi.sty
Package: everyshi 2001/05/15 v3.00 EveryShipout Package (MS)
)
\@MXV@page=\count150
\@MXV@adict=\count151
\@MXV@aadict=\count152
\@MXV@includes=\count153
\@MXV@players=\count154
\@MXV@links=\count155
\@MXV@width=\dimen126
\@MXV@height=\dimen127
\@MXV@depth=\dimen128
\@MXV@totalheight=\dimen129
\@MXV@@boxdepth=\dimen130
\@MXV@traiselen=\dimen131
\@MXV@braiselen=\dimen132
\@MXV@start=\dimen133
\@MXV@end=\dimen134
\@MXV@textbox=\box33
)

LaTeX Warning: Unused global option(s):
    [finalcls].

(./dissertation_lashinsky_2020.aux (./chapter0_introduction.aux

LaTeX Warning: Label `overflow' multiply defined.


LaTeX Warning: Label `overflow' multiply defined.

) (./chapter1_mvBM.aux

LaTeX Warning: Label `overflow' multiply defined.


LaTeX Warning: Label `overflow' multiply defined.


LaTeX Warning: Label `overflow' multiply defined.


LaTeX Warning: Label `overflow' multiply defined.


LaTeX Warning: Label `overflow' multiply defined.


LaTeX Warning: Label `overflow' multiply defined.


LaTeX Warning: Label `overflow' multiply defined.


LaTeX Warning: Label `overflow' multiply defined.


LaTeX Warning: Label `overflow' multiply defined.


LaTeX Warning: Label `overflow' multiply defined.

) (./chapter2_landmarks.aux

LaTeX Warning: Label `overflow' multiply defined.


LaTeX Warning: Label `overflow' multiply defined.


LaTeX Warning: Label `overflow' multiply defined.


LaTeX Warning: Label `overflow' multiply defined.


LaTeX Warning: Label `overflow' multiply defined.


LaTeX Warning: Label `overflow' multiply defined.

) (./chapter3_thresholds.aux

LaTeX Warning: Label `overflow' multiply defined.


LaTeX Warning: Label `overflow' multiply defined.


LaTeX Warning: Label `overflow' multiply defined.


LaTeX Warning: Label `overflow' multiply defined.


LaTeX Warning: Label `overflow' multiply defined.


LaTeX Warning: Label `overflow' multiply defined.


LaTeX Warning: Label `overflow' multiply defined.


LaTeX Warning: Label `overflow' multiply defined.


LaTeX Warning: Label `overflow' multiply defined.

) (./chapter4_conclusion.aux

LaTeX Warning: Label `overflow' multiply defined.

) (./appendix1.aux) (./appendix2.aux

LaTeX Warning: Label `overflow' multiply defined.


LaTeX Warning: Label `overflow' multiply defined.


LaTeX Warning: Label `overflow' multiply defined.


LaTeX Warning: Label `overflow' multiply defined.

) (./appendix3.aux

LaTeX Warning: Label `overflow' multiply defined.

))
\openout1 = `dissertation_lashinsky_2020.aux'.

LaTeX Font Info:    Checking defaults for OML/cmm/m/it on input line 219.
LaTeX Font Info:    ... okay on input line 219.
LaTeX Font Info:    Checking defaults for T1/cmr/m/n on input line 219.
LaTeX Font Info:    ... okay on input line 219.
LaTeX Font Info:    Checking defaults for OT1/cmr/m/n on input line 219.
LaTeX Font Info:    ... okay on input line 219.
LaTeX Font Info:    Checking defaults for OMS/cmsy/m/n on input line 219.
LaTeX Font Info:    ... okay on input line 219.
LaTeX Font Info:    Checking defaults for OMX/cmex/m/n on input line 219.
LaTeX Font Info:    ... okay on input line 219.
LaTeX Font Info:    Checking defaults for U/cmr/m/n on input line 219.
LaTeX Font Info:    ... okay on input line 219.
LaTeX Font Info:    Checking defaults for PD1/pdf/m/n on input line 219.
LaTeX Font Info:    ... okay on input line 219.
 (/usr/local/texlive/2019/texmf-dist/tex/latex/fmtcount/fc-english.def
File: fc-english.def 2016/01/12
)
(/usr/local/texlive/2019/texmf-dist/tex/context/base/mkii/supp-pdf.mkii
[Loading MPS to PDF converter (version 2006.09.02).]
\scratchcounter=\count156
\scratchdimen=\dimen135
\scratchbox=\box34
\nofMPsegments=\count157
\nofMParguments=\count158
\everyMPshowfont=\toks30
\MPscratchCnt=\count159
\MPscratchDim=\dimen136
\MPnumerator=\count160
\makeMPintoPDFobject=\count161
\everyMPtoPDFconversion=\toks31
) (/usr/local/texlive/2019/texmf-dist/tex/latex/oberdiek/epstopdf-base.sty
Package: epstopdf-base 2016/05/15 v2.6 Base part for package epstopdf

(/usr/local/texlive/2019/texmf-dist/tex/latex/oberdiek/grfext.sty
Package: grfext 2016/05/16 v1.2 Manage graphics extensions (HO)
)
Package epstopdf-base Info: Redefining graphics rule for `.eps' on input line 4
38.
Package grfext Info: Graphics extension search list:
(grfext)             [.pdf,.png,.jpg,.mps,.jpeg,.jbig2,.jb2,.PDF,.PNG,.JPG,.JPE
G,.JBIG2,.JB2,.eps]
(grfext)             \AppendGraphicsExtensions on input line 456.

(/usr/local/texlive/2019/texmf-dist/tex/latex/latexconfig/epstopdf-sys.cfg
File: epstopdf-sys.cfg 2010/07/13 v1.3 Configuration of (r)epstopdf for TeX Liv
e
))
\AtBeginShipoutBox=\box35
Package hyperref Info: Link coloring ON on input line 219.

(/usr/local/texlive/2019/texmf-dist/tex/latex/hyperref/nameref.sty
Package: nameref 2016/05/21 v2.44 Cross-referencing by name of section

(/usr/local/texlive/2019/texmf-dist/tex/generic/oberdiek/gettitlestring.sty
Package: gettitlestring 2016/05/16 v1.5 Cleanup title references (HO)
)
\c@section@level=\count162
)
LaTeX Info: Redefining \ref on input line 219.
LaTeX Info: Redefining \pageref on input line 219.
LaTeX Info: Redefining \nameref on input line 219.

(./dissertation_lashinsky_2020.out) (./dissertation_lashinsky_2020.out)
\@outlinefile=\write3
\openout3 = `dissertation_lashinsky_2020.out'.

Package caption Info: Begin \AtBeginDocument code.
Package caption Info: End \AtBeginDocument code.

ABD: EveryShipout initializing macros [1


{/usr/local/texlive/2019/texmf-var/fonts/map/pdftex/updmap/pdftex.map}]
LaTeX Font Info:    Try loading font information for OMS+cmr on input line 228.


(/usr/local/texlive/2019/texmf-dist/tex/latex/base/omscmr.fd
File: omscmr.fd 2014/09/29 v2.5h Standard LaTeX font definitions
)
LaTeX Font Info:    Font shape `OMS/cmr/m/n' in size <12> not available
(Font)              Font shape `OMS/cmsy/m/n' tried instead on input line 228.
pdfTeX warning (ext4): destination with the same identifier (name{page.i}) has 
been already used, duplicate ignored
<to be read again> 
                   \relax 
l.228 \makeintropages
                      %Processes/produces the preliminary pages [1

] [2

]
(./dissertation_lashinsky_2020.toc
LaTeX Font Info:    Try loading font information for U+msa on input line 1.

(/usr/local/texlive/2019/texmf-dist/tex/latex/amsfonts/umsa.fd
File: umsa.fd 2013/01/14 v3.01 AMS symbols A
)
LaTeX Font Info:    Try loading font information for U+msb on input line 1.

(/usr/local/texlive/2019/texmf-dist/tex/latex/amsfonts/umsb.fd
File: umsb.fd 2013/01/14 v3.01 AMS symbols B
) [3

] [4])
\tf@toc=\write4
\openout4 = `dissertation_lashinsky_2020.toc'.


[5] (./dissertation_lashinsky_2020.lof [6

] [7])
\tf@lof=\write5
\openout5 = `dissertation_lashinsky_2020.lof'.

 [8]
(./dissertation_lashinsky_2020.lot)
\tf@lot=\write6
\openout6 = `dissertation_lashinsky_2020.lot'.

 [9

] [10

] [11] [12] [13] [14]
\openout2 = `chapter0_introduction.aux'.


(./chapter0_introduction.tex
Chapter 1.

LaTeX Font Warning: Font shape `OT1/cmr/bx/n' in size <29.86> not available
(Font)              size <24.88> substituted on input line 1.

[1


] [2

] [3] [4] [5

] [6]
<figures/OU_Ponds.pdf, id=665, 867.24pt x 289.08pt>
File: figures/OU_Ponds.pdf Graphic file (type pdf)
<use figures/OU_Ponds.pdf>
Package pdftex.def Info: figures/OU_Ponds.pdf  used on input line 39.
(pdftex.def)             Requested size: 455.24408pt x 151.74721pt.
 [7 <./figures/OU_Ponds.pdf>] [8]
<figures/middle_burst.pdf, id=702, 2258.4375pt x 752.8125pt>
File: figures/middle_burst.pdf Graphic file (type pdf)
<use figures/middle_burst.pdf>
Package pdftex.def Info: figures/middle_burst.pdf  used on input line 54.
(pdftex.def)             Requested size: 455.24408pt x 151.74298pt.
<figures/expected_disparity_through_time.pdf, id=703, 1011.78pt x 505.89pt>
File: figures/expected_disparity_through_time.pdf Graphic file (type pdf)
<use figures/expected_disparity_through_time.pdf>
Package pdftex.def Info: figures/expected_disparity_through_time.pdf  used on i
nput line 62.
(pdftex.def)             Requested size: 455.24408pt x 227.62523pt.


LaTeX Warning: `h' float specifier changed to `ht'.

[9 <./figures/middle_burst.pdf>] [10 <./figures/expected_disparity_through_time
.pdf>] [11

] [12] [13] [14])
\openout2 = `chapter1_mvBM.aux'.

 (./chapter1_mvBM.tex
Chapter 2.
[15




] [16

] [17

] [18] [19] [20

] [21] [22] [23] [24]

LaTeX Warning: Command \textendash invalid in math mode on input line 79.

[25]

LaTeX Warning: Command \textendash invalid in math mode on input line 111.


LaTeX Warning: Command \textquoteright invalid in math mode on input line 111.


LaTeX Warning: Command \textendash invalid in math mode on input line 111.

[26]

LaTeX Warning: Command \textendash invalid in math mode on input line 113.


LaTeX Warning: Command \textendash invalid in math mode on input line 113.

[27] [28] [29] [30] [31] [32] [33] [34] [35] [36

] [37] [38] [39

] [40] [41]
[42] [43]
<figures/unibivariateBMseed24.png, id=1184, 1505.625pt x 501.875pt>
File: figures/unibivariateBMseed24.png Graphic file (type png)
<use figures/unibivariateBMseed24.png>
Package pdftex.def Info: figures/unibivariateBMseed24.png  used on input line 2
00.
(pdftex.def)             Requested size: 455.24408pt x 151.75064pt.
<figures/simple3tiptree.png, id=1186, 254.8722pt x 284.7438pt>
File: figures/simple3tiptree.png Graphic file (type png)
<use figures/simple3tiptree.png>
Package pdftex.def Info: figures/simple3tiptree.png  used on input line 209.
(pdftex.def)             Requested size: 142.26378pt x 158.94275pt.
<figures/identicalLikelihoods.png, id=1187, 885.3075pt x 426.59375pt>
File: figures/identicalLikelihoods.png Graphic file (type png)
<use figures/identicalLikelihoods.png>
Package pdftex.def Info: figures/identicalLikelihoods.png  used on input line 2
18.
(pdftex.def)             Requested size: 241.84842pt x 116.53578pt.
<figures/pruningAlgorithm.png, id=1188, 469.2732pt x 232.7094pt>
File: figures/pruningAlgorithm.png Graphic file (type png)
<use figures/pruningAlgorithm.png>
Package pdftex.def Info: figures/pruningAlgorithm.png  used on input line 226.
(pdftex.def)             Requested size: 455.24408pt x 225.75978pt.


LaTeX Warning: `h' float specifier changed to `ht'.

<figures/calibrationCurvePBT.png, id=1191, 1204.5pt x 602.25pt>
File: figures/calibrationCurvePBT.png Graphic file (type png)
<use figures/calibrationCurvePBT.png>
Package pdftex.def Info: figures/calibrationCurvePBT.png  used on input line 23
5.
(pdftex.def)             Requested size: 455.30121pt x 227.65353pt.

LaTeX Warning: `h' float specifier changed to `ht'.

<figures/CARcurvesPBT.png, id=1192, 1003.75pt x 602.25pt>
File: figures/CARcurvesPBT.png Graphic file (type png)
<use figures/CARcurvesPBT.png>
Package pdftex.def Info: figures/CARcurvesPBT.png  used on input line 244.
(pdftex.def)             Requested size: 455.24408pt x 273.15117pt.

LaTeX Warning: `h' float specifier changed to `ht'.

<figures/howellsTreesMF.png, id=1193, 1003.75pt x 602.25pt>
File: figures/howellsTreesMF.png Graphic file (type png)
<use figures/howellsTreesMF.png>
Package pdftex.def Info: figures/howellsTreesMF.png  used on input line 254.
(pdftex.def)             Requested size: 455.24408pt x 273.15117pt.

LaTeX Warning: `h' float specifier changed to `ht'.

<figures/sensitivityHowells.png, id=1198, 469.2732pt x 438.438pt>
File: figures/sensitivityHowells.png Graphic file (type png)
<use figures/sensitivityHowells.png>
Package pdftex.def Info: figures/sensitivityHowells.png  used on input line 263
.
(pdftex.def)             Requested size: 398.33858pt x 372.17899pt.

LaTeX Warning: `h' float specifier changed to `ht'.

<figures/calibrationCurveHowells.png, id=1199, 903.375pt x 602.25pt>
File: figures/calibrationCurveHowells.png Graphic file (type png)
<use figures/calibrationCurveHowells.png>
Package pdftex.def Info: figures/calibrationCurveHowells.png  used on input lin
e 272.
(pdftex.def)             Requested size: 341.43306pt x 227.62596pt.

LaTeX Warning: `h' float specifier changed to `ht'.

<figures/CARcurvesHowells_BW.png, id=1202, 803.0pt x 401.5pt>
File: figures/CARcurvesHowells_BW.png Graphic file (type png)
<use figures/CARcurvesHowells_BW.png>
Package pdftex.def Info: figures/CARcurvesHowells_BW.png  used on input line 28
1.
(pdftex.def)             Requested size: 455.24408pt x 227.62596pt.

LaTeX Warning: `h' float specifier changed to `ht'.

[44

 <./figures/unibivariateBMseed24.png>] [45 <./figures/simple3tiptree.png> <./fi
gures/identicalLikelihoods.png> <./figures/pruningAlgorithm.png>] [46 <./figure
s/calibrationCurvePBT.png>] [47 <./figures/CARcurvesPBT.png>] [48 <./figures/ho
wellsTreesMF.png>] [49 <./figures/sensitivityHowells.png>] [50 <./figures/calib
rationCurveHowells.png> <./figures/CARcurvesHowells_BW.png>]
(./tables/linear_data.tex
Underfull \vbox (badness 10000) detected at line 26
 []

[51

])) [52]
\openout2 = `chapter2_landmarks.aux'.

 (./chapter2_landmarks.tex
Chapter 3.
[53



] [54

] [55

] [56] [57] [58] [59

] [60] [61] [62] [63] [64] [65] [66] [67]
[68] [69

] [70] [71] [72

] [73] [74] [75] [76] [77]
<figures/harvati_figure1_final.pdf, id=1694, 2810.5pt x 3011.25pt>
File: figures/harvati_figure1_final.pdf Graphic file (type pdf)
<use figures/harvati_figure1_final.pdf>
Package pdftex.def Info: figures/harvati_figure1_final.pdf  used on input line 
138.
(pdftex.def)             Requested size: 455.24408pt x 487.73714pt.


LaTeX Warning: `h' float specifier changed to `ht'.

<figures/harvati_figure2_final.pdf, id=1695, 2810.5pt x 1505.625pt>
File: figures/harvati_figure2_final.pdf Graphic file (type pdf)
<use figures/harvati_figure2_final.pdf>
Package pdftex.def Info: figures/harvati_figure2_final.pdf  used on input line 
145.
(pdftex.def)             Requested size: 455.24408pt x 243.86856pt.

LaTeX Warning: `h' float specifier changed to `ht'.

<figures/harvati_figure3_final_redo.pdf, id=1696, 2409.0pt x 803.0pt>
File: figures/harvati_figure3_final_redo.pdf Graphic file (type pdf)
<use figures/harvati_figure3_final_redo.pdf>
Package pdftex.def Info: figures/harvati_figure3_final_redo.pdf  used on input 
line 152.
(pdftex.def)             Requested size: 455.24408pt x 151.73839pt.

LaTeX Warning: `h' float specifier changed to `ht'.

<figures/harvati_figure4_final.pdf, id=1697, 2208.25pt x 752.8125pt>
File: figures/harvati_figure4_final.pdf Graphic file (type pdf)
<use figures/harvati_figure4_final.pdf>
Package pdftex.def Info: figures/harvati_figure4_final.pdf  used on input line 
159.
(pdftex.def)             Requested size: 455.24408pt x 155.18907pt.

LaTeX Warning: `h' float specifier changed to `ht'.

<figures/harvati_figure5_final.pdf, id=1698, 2007.5pt x 501.875pt>
File: figures/harvati_figure5_final.pdf Graphic file (type pdf)
<use figures/harvati_figure5_final.pdf>
Package pdftex.def Info: figures/harvati_figure5_final.pdf  used on input line 
166.
(pdftex.def)             Requested size: 455.24408pt x 113.80533pt.

LaTeX Warning: `h' float specifier changed to `ht'.

<figures/harvati_figure6_final_redo.pdf, id=1699, 2409.0pt x 803.0pt>
File: figures/harvati_figure6_final_redo.pdf Graphic file (type pdf)
<use figures/harvati_figure6_final_redo.pdf>
Package pdftex.def Info: figures/harvati_figure6_final_redo.pdf  used on input 
line 173.
(pdftex.def)             Requested size: 455.24408pt x 151.73839pt.

LaTeX Warning: `h' float specifier changed to `ht'.

[78

] [79 <./figures/harvati_figure1_final.pdf>] [80 <./figures/harvati_figure2_fin
al.pdf>] [81 <./figures/harvati_figure3_final_redo.pdf>] [82 <./figures/harvati
_figure4_final.pdf>] [83 <./figures/harvati_figure5_final.pdf> <./figures/harva
ti_figure6_final_redo.pdf

pdfTeX warning: /Library/TeX/texbin/pdflatex (file ./figures/harvati_figure6_fi
nal_redo.pdf): PDF inclusion: multiple pdfs with page group included in a singl
e page
>] (./tables/landmark_data.tex
Underfull \vbox (badness 10000) detected at line 27
 []

)) [84

]
\openout2 = `chapter3_thresholds.aux'.

 (./chapter3_thresholds.tex
Chapter 4.
[85



] [86

] [87

] [88] [89] [90] [91] [92

] [93] [94] [95] [96] [97] [98] [99]
[100] [101] [102] [103] [104] [105

] [106] [107

] [108] [109] [110] [111]
[112] [113]
<figures/bailey_figure1.pdf, id=2251, 1084.05pt x 361.35pt>
File: figures/bailey_figure1.pdf Graphic file (type pdf)
<use figures/bailey_figure1.pdf>
Package pdftex.def Info: figures/bailey_figure1.pdf  used on input line 150.
(pdftex.def)             Requested size: 455.24408pt x 151.74942pt.
<figures/chpt4_figure2.pdf, id=2252, 1505.625pt x 752.8125pt>
File: figures/chpt4_figure2.pdf Graphic file (type pdf)
<use figures/chpt4_figure2.pdf>
Package pdftex.def Info: figures/chpt4_figure2.pdf  used on input line 158.
(pdftex.def)             Requested size: 455.24408pt x 227.62596pt.


LaTeX Warning: `h' float specifier changed to `ht'.

<figures/tsarmbop.pdf, id=2253, 1739.49875pt x 1258.7025pt>
File: figures/tsarmbop.pdf Graphic file (type pdf)
<use figures/tsarmbop.pdf>
Package pdftex.def Info: figures/tsarmbop.pdf  used on input line 166.
(pdftex.def)             Requested size: 455.24408pt x 329.40602pt.

LaTeX Warning: `h' float specifier changed to `ht'.

<figures/chpt4_figure3.pdf, id=2254, 2258.4375pt x 752.8125pt>
File: figures/chpt4_figure3.pdf Graphic file (type pdf)
<use figures/chpt4_figure3.pdf>
Package pdftex.def Info: figures/chpt4_figure3.pdf  used on input line 174.
(pdftex.def)             Requested size: 455.24408pt x 151.74298pt.

LaTeX Warning: `h' float specifier changed to `ht'.

<figures/dental_top4trees.pdf, id=2255, 867.24pt x 433.62pt>
File: figures/dental_top4trees.pdf Graphic file (type pdf)
<use figures/dental_top4trees.pdf>
Package pdftex.def Info: figures/dental_top4trees.pdf  used on input line 182.
(pdftex.def)             Requested size: 455.24408pt x 227.62082pt.

LaTeX Warning: `h' float specifier changed to `ht'.

<figures/dental_rates_corrs.pdf, id=2256, 867.24pt x 289.08pt>
File: figures/dental_rates_corrs.pdf Graphic file (type pdf)
<use figures/dental_rates_corrs.pdf>
Package pdftex.def Info: figures/dental_rates_corrs.pdf  used on input line 190
.
(pdftex.def)             Requested size: 455.24408pt x 151.74721pt.

LaTeX Warning: `h' float specifier changed to `ht'.

<figures/chpt4_figure6.pdf, id=2257, 2007.5pt x 2007.5pt>
File: figures/chpt4_figure6.pdf Graphic file (type pdf)
<use figures/chpt4_figure6.pdf>
Package pdftex.def Info: figures/chpt4_figure6.pdf  used on input line 199.
(pdftex.def)             Requested size: 455.24408pt x 455.22131pt.

LaTeX Warning: `h' float specifier changed to `ht'.

<figures/chpt4_figure7.pdf, id=2258, 752.8125pt x 752.8125pt>
File: figures/chpt4_figure7.pdf Graphic file (type pdf)
<use figures/chpt4_figure7.pdf>
Package pdftex.def Info: figures/chpt4_figure7.pdf  used on input line 208.
(pdftex.def)             Requested size: 455.24408pt x 455.25194pt.

LaTeX Warning: `h' float specifier changed to `ht'.

<figures/chpt4_figure8.pdf, id=2259, 2258.4375pt x 752.8125pt>
File: figures/chpt4_figure8.pdf Graphic file (type pdf)
<use figures/chpt4_figure8.pdf>
Package pdftex.def Info: figures/chpt4_figure8.pdf  used on input line 217.
(pdftex.def)             Requested size: 455.24408pt x 151.74298pt.

LaTeX Warning: `h' float specifier changed to `ht'.

[114

 <./figures/bailey_figure1.pdf>] [115 <./figures/chpt4_figure2.pdf>]
[116 <./figures/tsarmbop.pdf> <./figures/chpt4_figure3.pdf

pdfTeX warning: /Library/TeX/texbin/pdflatex (file ./figures/chpt4_figure3.pdf)
: PDF inclusion: multiple pdfs with page group included in a single page
>] [117 <./figures/dental_top4trees.pdf> <./figures/dental_rates_corrs.pdf>]
[118 <./figures/chpt4_figure6.pdf>] [119 <./figures/chpt4_figure7.pdf>]
[120 <./figures/chpt4_figure8.pdf>] (./tables/dental_data.tex
Underfull \vbox (badness 10000) detected at line 26
 []

[121

] [122] [123] [124]) [125]

LaTeX Warning: `h' float specifier changed to `ht'.


LaTeX Warning: `h' float specifier changed to `ht'.


LaTeX Warning: `h' float specifier changed to `ht'.


LaTeX Warning: `h' float specifier changed to `ht'.


LaTeX Warning: `h' float specifier changed to `ht'.

) [126

<<anime/univ_threshold_mu_smooth.mp4>><<anime/univ_threshold_thresh_smooth.mp4>
> <./anime/univ_threshold_mu_smooth.png (PNG copy)> <./anime/univ_threshold_thr
esh_smooth.png (PNG copy)>] [127<<anime/univThresh_meanWiggle.mp4>><<anime/mv_m
u_both.mp4>> <./anime/univThresh_meanWiggle.png (PNG copy)> <./anime/mv_mu_both
.png (PNG copy)>] [128<<anime/mv_thresh_both.mp4>><<anime/mv_corr_both.mp4>> <.
/anime/mv_thresh_both.png (PNG copy)> <./anime/mv_corr_both.png (PNG copy)>] [1
29<<anime/mv_mu_bm.mp4>> <./anime/mv_mu_bm.png (PNG copy)>]
\openout2 = `chapter4_conclusion.aux'.


(./chapter4_conclusion.tex
Chapter 5.
[130



] [131

] [132]
<figures/noisydecay_of_association.pdf, id=2610, 867.24pt x 289.08pt>
File: figures/noisydecay_of_association.pdf Graphic file (type pdf)
<use figures/noisydecay_of_association.pdf>
Package pdftex.def Info: figures/noisydecay_of_association.pdf  used on input l
ine 24.
(pdftex.def)             Requested size: 455.24408pt x 151.74721pt.
 [133 <./figures/noisydecay_of_association.pdf>] [134

]
[135] [136])
\openout2 = `appendix1.aux'.

 (./appendix1.tex
Appendix A.
[137




] [138

] [139]) [140]
\openout2 = `appendix2.aux'.

 (./appendix2.tex
Appendix B.
[141



] [142

] [143] [144] [145

] [146] [147

] [148] [149

]
<figures/expected_wiggle_room.pdf, id=2764, 903.375pt x 803.0pt>
File: figures/expected_wiggle_room.pdf Graphic file (type pdf)
<use figures/expected_wiggle_room.pdf>
Package pdftex.def Info: figures/expected_wiggle_room.pdf  used on input line 5
6.
(pdftex.def)             Requested size: 412.56496pt x 366.72563pt.
<figures/app_lkj1_samples.pdf, id=2765, 1505.625pt x 702.625pt>
File: figures/app_lkj1_samples.pdf Graphic file (type pdf)
<use figures/app_lkj1_samples.pdf>
Package pdftex.def Info: figures/app_lkj1_samples.pdf  used on input line 63.
(pdftex.def)             Requested size: 412.56496pt x 192.53094pt.


LaTeX Warning: `h' float specifier changed to `ht'.

<figures/appendix_correlationmatrix.pdf, id=2766, 803.0pt x 803.0pt>
File: figures/appendix_correlationmatrix.pdf Graphic file (type pdf)
<use figures/appendix_correlationmatrix.pdf>
Package pdftex.def Info: figures/appendix_correlationmatrix.pdf  used on input 
line 70.
(pdftex.def)             Requested size: 284.52756pt x 284.534pt.

LaTeX Warning: `h' float specifier changed to `ht'.

<figures/app_corrs_2methods.pdf, id=2767, 1505.625pt x 702.625pt>
File: figures/app_corrs_2methods.pdf Graphic file (type pdf)
<use figures/app_corrs_2methods.pdf>
Package pdftex.def Info: figures/app_corrs_2methods.pdf  used on input line 77.

(pdftex.def)             Requested size: 455.24408pt x 212.4509pt.

LaTeX Warning: `h' float specifier changed to `ht'.

) [150

 <./figures/expected_wiggle_room.pdf>] [151 <./figures/app_lkj1_samples.pdf> <.
/figures/appendix_correlationmatrix.pdf

pdfTeX warning: /Library/TeX/texbin/pdflatex (file ./figures/appendix_correlati
onmatrix.pdf): PDF inclusion: multiple pdfs with page group included in a singl
e page
>] [152 <./figures/app_corrs_2methods.pdf>]
\openout2 = `appendix3.aux'.

 (./appendix3.tex
Appendix C.
[153



] [154

] [155

] [156]
<figures/biogeographic_diffusion.png, id=2849, 962.1546pt x 485.6544pt>
File: figures/biogeographic_diffusion.png Graphic file (type png)
<use figures/biogeographic_diffusion.png>
Package pdftex.def Info: figures/biogeographic_diffusion.png  used on input lin
e 55.
(pdftex.def)             Requested size: 455.24408pt x 229.79156pt.


LaTeX Warning: `h' float specifier changed to `ht'.

) [157

] [158 <./figures/biogeographic_diffusion.png>]
(./dissertation_lashinsky_2020.bbl [159


] [160] [161] [162] [163] [164] [165]
[166] [167] [168] [169] [170] [171] [172] [173] [174] [175] [176] [177]
[178] [179])

Package movie15 Warning: @@@@@@@@@@@@@@@@@@@@@@@@@@@@@@@@@@@@@@@
(movie15)                @@ Package `movie15' is obsolete and @@
(movie15)                @@ superseded by `media9'.           @@
(movie15)                @@@@@@@@@@@@@@@@@@@@@@@@@@@@@@@@@@@@@@@.

Package atveryend Info: Empty hook `BeforeClearDocument' on input line 245.
[180]
Package atveryend Info: Empty hook `AfterLastShipout' on input line 245.
 (./dissertation_lashinsky_2020.aux (./chapter0_introduction.aux)
(./chapter1_mvBM.aux) (./chapter2_landmarks.aux) (./chapter3_thresholds.aux)
(./chapter4_conclusion.aux) (./appendix1.aux) (./appendix2.aux)
(./appendix3.aux))
Package atveryend Info: Executing hook `AtVeryEndDocument' on input line 245.
Package atveryend Info: Executing hook `AtEndAfterFileList' on input line 245.
Package rerunfilecheck Info: File `dissertation_lashinsky_2020.out' has not cha
nged.
(rerunfilecheck)             Checksum: 5C0869C2BA0C5AB387533714F18FAE86;5386.


LaTeX Font Warning: Size substitutions with differences
(Font)              up to 4.98pt have occurred.


LaTeX Warning: There were multiply-defined labels.

 ) 
Here is how much of TeX's memory you used:
 11492 strings out of 492616
 197162 string characters out of 6129482
 360083 words of memory out of 5000000
 14599 multiletter control sequences out of 15000+600000
 15831 words of font info for 60 fonts, out of 8000000 for 9000
 1148 hyphenation exceptions out of 8191
 53i,9n,92p,3603b,851s stack positions out of 5000i,500n,10000p,200000b,80000s
</usr/local/texlive/2019/texmf-dist/fonts/type1/public/amsfonts/cm/cmbx12.pfb
></usr/local/texlive/2019/texmf-dist/fonts/type1/public/amsfonts/cm/cmcsc10.pfb
></usr/local/texlive/2019/texmf-dist/fonts/type1/public/amsfonts/cm/cmex10.pfb>
</usr/local/texlive/2019/texmf-dist/fonts/type1/public/amsfonts/cm/cmmi10.pfb><
/usr/local/texlive/2019/texmf-dist/fonts/type1/public/amsfonts/cm/cmmi12.pfb></
usr/local/texlive/2019/texmf-dist/fonts/type1/public/amsfonts/cm/cmmi6.pfb></us
r/local/texlive/2019/texmf-dist/fonts/type1/public/amsfonts/cm/cmmi7.pfb></usr/
local/texlive/2019/texmf-dist/fonts/type1/public/amsfonts/cm/cmmi8.pfb></usr/lo
cal/texlive/2019/texmf-dist/fonts/type1/public/amsfonts/cm/cmr10.pfb></usr/loca
l/texlive/2019/texmf-dist/fonts/type1/public/amsfonts/cm/cmr12.pfb></usr/local/
texlive/2019/texmf-dist/fonts/type1/public/amsfonts/cm/cmr6.pfb></usr/local/tex
live/2019/texmf-dist/fonts/type1/public/amsfonts/cm/cmr7.pfb></usr/local/texliv
e/2019/texmf-dist/fonts/type1/public/amsfonts/cm/cmr8.pfb></usr/local/texlive/2
019/texmf-dist/fonts/type1/public/amsfonts/cm/cmsl12.pfb></usr/local/texlive/20
19/texmf-dist/fonts/type1/public/amsfonts/cm/cmsy10.pfb></usr/local/texlive/201
9/texmf-dist/fonts/type1/public/amsfonts/cm/cmsy6.pfb></usr/local/texlive/2019/
texmf-dist/fonts/type1/public/amsfonts/cm/cmsy7.pfb></usr/local/texlive/2019/te
xmf-dist/fonts/type1/public/amsfonts/cm/cmsy8.pfb></usr/local/texlive/2019/texm
f-dist/fonts/type1/public/amsfonts/cm/cmti12.pfb></usr/local/texlive/2019/texmf
-dist/fonts/type1/public/amsfonts/cm/cmti8.pfb></usr/local/texlive/2019/texmf-d
ist/fonts/type1/public/amsfonts/cm/cmtt12.pfb></usr/local/texlive/2019/texmf-di
st/fonts/type1/public/amsfonts/symbols/msam10.pfb>
Output written on dissertation_lashinsky_2020.pdf (195 pages, 37738776 bytes).
PDF statistics:
 3155 PDF objects out of 3580 (max. 8388607)
 2717 compressed objects within 28 object streams
 551 named destinations out of 1000 (max. 500000)
 1070 words of extra memory for PDF output out of 10000 (max. 10000000)

