\BOOKMARK [1][-]{chapter*.2}{List of Figures}{}% 1
\BOOKMARK [1][-]{chapter*.3}{List of Tables}{}% 2
\BOOKMARK [1][-]{chapter*.3}{Abstract}{}% 3
\BOOKMARK [1][-]{chapter*.3}{Acknowledgments}{}% 4
\BOOKMARK [0][-]{chapter.1}{Bayesian Phylogenetics Under Multivariate Brownian Motion}{}% 5
\BOOKMARK [1][-]{section.1.1}{Abstract}{chapter.1}% 6
\BOOKMARK [1][-]{section.1.2}{Specifications}{chapter.1}% 7
\BOOKMARK [2][-]{subsection.1.2.1}{Style and Format}{section.1.2}% 8
\BOOKMARK [2][-]{subsection.1.2.2}{Title/Signature Page}{section.1.2}% 9
\BOOKMARK [2][-]{subsection.1.2.3}{Margins}{section.1.2}% 10
\BOOKMARK [2][-]{subsection.1.2.4}{Spacing}{section.1.2}% 11
\BOOKMARK [2][-]{subsection.1.2.5}{Pagination}{section.1.2}% 12
\BOOKMARK [2][-]{subsection.1.2.6}{Typeface}{section.1.2}% 13
\BOOKMARK [2][-]{subsection.1.2.7}{Paper}{section.1.2}% 14
\BOOKMARK [0][-]{chapter.2}{The Second Chapter}{}% 15
\BOOKMARK [1][-]{section.2.1}{Overall Appearance}{chapter.2}% 16
\BOOKMARK [2][-]{subsection.2.1.1}{Tables, Graphs and Captions}{section.2.1}% 17
\BOOKMARK [2][-]{subsection.2.1.2}{Photographs, Illustrations and Maps}{section.2.1}% 18
\BOOKMARK [2][-]{subsection.2.1.3}{Oversized Material}{section.2.1}% 19
\BOOKMARK [2][-]{subsection.2.1.4}{Using Published Material}{section.2.1}% 20
\BOOKMARK [2][-]{subsection.2.1.5}{Copyrighted Material Use}{section.2.1}% 21
\BOOKMARK [2][-]{subsection.2.1.6}{Dates of Filing}{section.2.1}% 22
\BOOKMARK [2][-]{subsection.2.1.7}{Title Page}{section.2.1}% 23
\BOOKMARK [2][-]{subsection.2.1.8}{Dissertation Abstracts}{section.2.1}% 24
\BOOKMARK [2][-]{subsection.2.1.9}{Diploma}{section.2.1}% 25
\BOOKMARK [2][-]{subsection.2.1.10}{Copyright and Publication}{section.2.1}% 26
\BOOKMARK [2][-]{subsection.2.1.11}{Filing Fee}{section.2.1}% 27
\BOOKMARK [0][-]{chapter.3}{Examples of Formatting and Commands}{}% 28
\BOOKMARK [1][-]{section.3.1}{TOC Section Title}{chapter.3}% 29
\BOOKMARK [2][-]{subsection.3.1.1}{A Very Long Subsection Title to Test the TOC Wrapping Ability}{section.3.1}% 30
\BOOKMARK [1][-]{section.3.2}{Some Examples of Figures and Tables}{chapter.3}% 31
